{"/home/travis/build/npmtest/node-npmtest-sitemap/test.js":{"path":"/home/travis/build/npmtest/node-npmtest-sitemap/test.js","s":{"1":2,"2":2,"3":2,"4":2,"5":2,"6":2,"7":2,"8":1,"9":2,"10":2,"11":1,"12":1,"13":1,"14":1,"15":2,"16":2,"17":2,"18":2,"19":1,"20":1,"21":2,"22":2,"23":2,"24":1,"25":1,"26":1,"27":1,"28":1,"29":1,"30":1,"31":1,"32":1,"33":1,"34":1,"35":1,"36":1,"37":1,"38":1,"39":2,"40":2,"41":1,"42":2,"43":2,"44":1,"45":2,"46":2,"47":1,"48":2,"49":2,"50":1,"51":1,"52":1,"53":1,"54":1},"b":{"1":[2,1,1,1],"2":[1,1,1,1],"3":[1,1],"4":[1,1],"5":[1,1],"6":[1,1],"7":[1,1],"8":[1,1],"9":[1,1],"10":[1,1,1],"11":[1,1],"12":[1,1],"13":[1,1],"14":[1,1],"15":[1,1],"16":[1,1],"17":[1,1]},"f":{"1":2,"2":2,"3":2,"4":2,"5":2,"6":1,"7":1,"8":1,"9":2,"10":2,"11":2,"12":2,"13":1},"fnMap":{"1":{"name":"(anonymous_1)","line":12,"loc":{"start":{"line":12,"column":1},"end":{"line":12,"column":13}}},"2":{"name":"(anonymous_2)","line":19,"loc":{"start":{"line":19,"column":5},"end":{"line":19,"column":17}}},"3":{"name":"(anonymous_3)","line":23,"loc":{"start":{"line":23,"column":24},"end":{"line":23,"column":36}}},"4":{"name":"(anonymous_4)","line":61,"loc":{"start":{"line":61,"column":5},"end":{"line":61,"column":17}}},"5":{"name":"(anonymous_5)","line":82,"loc":{"start":{"line":82,"column":5},"end":{"line":82,"column":17}}},"6":{"name":"(anonymous_6)","line":91,"loc":{"start":{"line":91,"column":77},"end":{"line":94,"column":10}}},"7":{"name":"(anonymous_7)","line":112,"loc":{"start":{"line":112,"column":83},"end":{"line":115,"column":10}},"skip":true},"8":{"name":"(anonymous_8)","line":123,"loc":{"start":{"line":123,"column":77},"end":{"line":126,"column":10}},"skip":true},"9":{"name":"(anonymous_9)","line":139,"loc":{"start":{"line":139,"column":12},"end":{"line":139,"column":40}},"skip":true},"10":{"name":"(anonymous_10)","line":147,"loc":{"start":{"line":147,"column":77},"end":{"line":150,"column":10}},"skip":true},"11":{"name":"(anonymous_11)","line":158,"loc":{"start":{"line":158,"column":83},"end":{"line":161,"column":10}},"skip":true},"12":{"name":"(anonymous_12)","line":169,"loc":{"start":{"line":169,"column":79},"end":{"line":172,"column":10}},"skip":true},"13":{"name":"(anonymous_13)","line":180,"loc":{"start":{"line":180,"column":75},"end":{"line":183,"column":10}},"skip":true}},"statementMap":{"1":{"start":{"line":12,"column":0},"end":{"line":195,"column":5}},"2":{"start":{"line":14,"column":4},"end":{"line":14,"column":14}},"3":{"start":{"line":19,"column":4},"end":{"line":56,"column":9}},"4":{"start":{"line":21,"column":8},"end":{"line":21,"column":19}},"5":{"start":{"line":23,"column":8},"end":{"line":35,"column":13}},"6":{"start":{"line":24,"column":12},"end":{"line":34,"column":13}},"7":{"start":{"line":25,"column":16},"end":{"line":28,"column":30}},"8":{"start":{"line":30,"column":16},"end":{"line":33,"column":27}},"9":{"start":{"line":37,"column":8},"end":{"line":39,"column":21}},"10":{"start":{"line":40,"column":8},"end":{"line":53,"column":9}},"11":{"start":{"line":43,"column":12},"end":{"line":46,"column":14}},"12":{"start":{"line":47,"column":12},"end":{"line":47,"column":18}},"13":{"start":{"line":50,"column":12},"end":{"line":51,"column":46}},"14":{"start":{"line":52,"column":12},"end":{"line":52,"column":18}},"15":{"start":{"line":55,"column":8},"end":{"line":55,"column":35}},"16":{"start":{"line":61,"column":4},"end":{"line":63,"column":9}},"17":{"start":{"line":62,"column":8},"end":{"line":62,"column":15}},"18":{"start":{"line":64,"column":4},"end":{"line":77,"column":5}},"19":{"start":{"line":70,"column":8},"end":{"line":70,"column":14}},"20":{"start":{"line":76,"column":8},"end":{"line":76,"column":14}},"21":{"start":{"line":82,"column":4},"end":{"line":84,"column":9}},"22":{"start":{"line":83,"column":8},"end":{"line":83,"column":15}},"23":{"start":{"line":85,"column":4},"end":{"line":194,"column":5}},"24":{"start":{"line":91,"column":8},"end":{"line":99,"column":10}},"25":{"start":{"line":98,"column":12},"end":{"line":98,"column":35}},"26":{"start":{"line":102,"column":8},"end":{"line":104,"column":63}},"27":{"start":{"line":105,"column":8},"end":{"line":105,"column":14}},"28":{"start":{"line":112,"column":8},"end":{"line":121,"column":10},"skip":true},"29":{"start":{"line":119,"column":12},"end":{"line":119,"column":55},"skip":true},"30":{"start":{"line":120,"column":12},"end":{"line":120,"column":48},"skip":true},"31":{"start":{"line":123,"column":8},"end":{"line":136,"column":10},"skip":true},"32":{"start":{"line":130,"column":12},"end":{"line":130,"column":76},"skip":true},"33":{"start":{"line":131,"column":12},"end":{"line":131,"column":73},"skip":true},"34":{"start":{"line":132,"column":12},"end":{"line":132,"column":74},"skip":true},"35":{"start":{"line":133,"column":12},"end":{"line":133,"column":79},"skip":true},"36":{"start":{"line":134,"column":12},"end":{"line":134,"column":25},"skip":true},"37":{"start":{"line":135,"column":12},"end":{"line":135,"column":45},"skip":true},"38":{"start":{"line":138,"column":8},"end":{"line":145,"column":14},"skip":true},"39":{"start":{"line":143,"column":16},"end":{"line":143,"column":29},"skip":true},"40":{"start":{"line":144,"column":16},"end":{"line":144,"column":55},"skip":true},"41":{"start":{"line":147,"column":8},"end":{"line":156,"column":10},"skip":true},"42":{"start":{"line":154,"column":12},"end":{"line":154,"column":25},"skip":true},"43":{"start":{"line":155,"column":12},"end":{"line":155,"column":45},"skip":true},"44":{"start":{"line":158,"column":8},"end":{"line":167,"column":10},"skip":true},"45":{"start":{"line":165,"column":12},"end":{"line":165,"column":25},"skip":true},"46":{"start":{"line":166,"column":12},"end":{"line":166,"column":48},"skip":true},"47":{"start":{"line":169,"column":8},"end":{"line":178,"column":10},"skip":true},"48":{"start":{"line":176,"column":12},"end":{"line":176,"column":25},"skip":true},"49":{"start":{"line":177,"column":12},"end":{"line":177,"column":46},"skip":true},"50":{"start":{"line":180,"column":8},"end":{"line":189,"column":10},"skip":true},"51":{"start":{"line":187,"column":12},"end":{"line":187,"column":94},"skip":true},"52":{"start":{"line":188,"column":12},"end":{"line":188,"column":48},"skip":true},"53":{"start":{"line":192,"column":8},"end":{"line":192,"column":35},"skip":true},"54":{"start":{"line":193,"column":8},"end":{"line":193,"column":14},"skip":true}},"branchMap":{"1":{"line":25,"type":"binary-expr","locations":[{"start":{"line":25,"column":23},"end":{"line":25,"column":62}},{"start":{"line":26,"column":20},"end":{"line":26,"column":70}},{"start":{"line":27,"column":20},"end":{"line":27,"column":71}},{"start":{"line":28,"column":20},"end":{"line":28,"column":29}}]},"2":{"line":30,"type":"binary-expr","locations":[{"start":{"line":30,"column":23},"end":{"line":30,"column":37}},{"start":{"line":31,"column":20},"end":{"line":31,"column":61}},{"start":{"line":32,"column":20},"end":{"line":32,"column":70}},{"start":{"line":33,"column":20},"end":{"line":33,"column":26}}]},"3":{"line":37,"type":"cond-expr","locations":[{"start":{"line":38,"column":14},"end":{"line":38,"column":20}},{"start":{"line":39,"column":14},"end":{"line":39,"column":20}}]},"4":{"line":40,"type":"switch","locations":[{"start":{"line":42,"column":8},"end":{"line":47,"column":18}},{"start":{"line":49,"column":8},"end":{"line":52,"column":18}}]},"5":{"line":44,"type":"binary-expr","locations":[{"start":{"line":44,"column":16},"end":{"line":44,"column":44}},{"start":{"line":44,"column":48},"end":{"line":44,"column":66}}]},"6":{"line":50,"type":"binary-expr","locations":[{"start":{"line":50,"column":21},"end":{"line":50,"column":49}},{"start":{"line":50,"column":53},"end":{"line":50,"column":72}}]},"7":{"line":64,"type":"switch","locations":[{"start":{"line":69,"column":4},"end":{"line":70,"column":14}},{"start":{"line":75,"column":4},"end":{"line":76,"column":14}}]},"8":{"line":85,"type":"switch","locations":[{"start":{"line":90,"column":4},"end":{"line":105,"column":14}},{"start":{"line":111,"column":4},"end":{"line":193,"column":14},"skip":true}]},"9":{"line":91,"type":"binary-expr","locations":[{"start":{"line":91,"column":42},"end":{"line":91,"column":73}},{"start":{"line":91,"column":77},"end":{"line":99,"column":9}}]},"10":{"line":102,"type":"binary-expr","locations":[{"start":{"line":102,"column":18},"end":{"line":102,"column":32}},{"start":{"line":103,"column":12},"end":{"line":103,"column":53}},{"start":{"line":104,"column":12},"end":{"line":104,"column":61}}]},"11":{"line":112,"type":"binary-expr","locations":[{"start":{"line":112,"column":45},"end":{"line":112,"column":79},"skip":true},{"start":{"line":112,"column":83},"end":{"line":121,"column":9},"skip":true}]},"12":{"line":123,"type":"binary-expr","locations":[{"start":{"line":123,"column":42},"end":{"line":123,"column":73},"skip":true},{"start":{"line":123,"column":77},"end":{"line":136,"column":9},"skip":true}]},"13":{"line":138,"type":"binary-expr","locations":[{"start":{"line":138,"column":48},"end":{"line":138,"column":85},"skip":true},{"start":{"line":139,"column":12},"end":{"line":145,"column":13},"skip":true}]},"14":{"line":147,"type":"binary-expr","locations":[{"start":{"line":147,"column":42},"end":{"line":147,"column":73},"skip":true},{"start":{"line":147,"column":77},"end":{"line":156,"column":9},"skip":true}]},"15":{"line":158,"type":"binary-expr","locations":[{"start":{"line":158,"column":45},"end":{"line":158,"column":79},"skip":true},{"start":{"line":158,"column":83},"end":{"line":167,"column":9},"skip":true}]},"16":{"line":169,"type":"binary-expr","locations":[{"start":{"line":169,"column":43},"end":{"line":169,"column":75},"skip":true},{"start":{"line":169,"column":79},"end":{"line":178,"column":9},"skip":true}]},"17":{"line":180,"type":"binary-expr","locations":[{"start":{"line":180,"column":41},"end":{"line":180,"column":71},"skip":true},{"start":{"line":180,"column":75},"end":{"line":189,"column":9},"skip":true}]}},"code":["/* istanbul instrument in package npmtest_sitemap */","/*jslint","    bitwise: true,","    browser: true,","    maxerr: 8,","    maxlen: 96,","    node: true,","    nomen: true,","    regexp: true,","    stupid: true","*/","(function () {","    'use strict';","    var local;","","","","    // run shared js-env code - pre-init","    (function () {","        // init local","        local = {};","        // init modeJs","        local.modeJs = (function () {","            try {","                return typeof navigator.userAgent === 'string' &&","                    typeof document.querySelector('body') === 'object' &&","                    typeof XMLHttpRequest.prototype.open === 'function' &&","                    'browser';","            } catch (errorCaughtBrowser) {","                return module.exports &&","                    typeof process.versions.node === 'string' &&","                    typeof require('http').createServer === 'function' &&","                    'node';","            }","        }());","        // init global","        local.global = local.modeJs === 'browser'","            ? window","            : global;","        switch (local.modeJs) {","        // re-init local from window.local","        case 'browser':","            local = local.global.utility2.objectSetDefault(","                local.global.utility2_rollup || local.global.local,","                local.global.utility2","            );","            break;","        // re-init local from example.js","        case 'node':","            local = (local.global.utility2_rollup || require('utility2'))","                .requireExampleJsFromReadme();","            break;","        }","        // export local","        local.global.local = local;","    }());","","","","    // run shared js-env code - function","    (function () {","        return;","    }());","    switch (local.modeJs) {","","","","    // run browser js-env code - function","    case 'browser':","        break;","","","","    // run node js-env code - function","    case 'node':","        break;","    }","","","","    // run shared js-env code - post-init","    (function () {","        return;","    }());","    switch (local.modeJs) {","","","","    // run browser js-env code - post-init","    case 'browser':","        local.testCase_browser_nullCase = local.testCase_browser_nullCase || function (","            options,","            onError","        ) {","        /*","         * this function will test browsers's null-case handling-behavior-behavior","         */","            onError(null, options);","        };","","        // run tests","        local.nop(local.modeTest &&","            document.querySelector('#testRunButton1') &&","            document.querySelector('#testRunButton1').click());","        break;","","","","    // run node js-env code - post-init","    /* istanbul ignore next */","    case 'node':","        local.testCase_buildApidoc_default = local.testCase_buildApidoc_default || function (","            options,","            onError","        ) {","        /*","         * this function will test buildApidoc's default handling-behavior-behavior","         */","            options = { modulePathList: module.paths };","            local.buildApidoc(options, onError);","        };","","        local.testCase_buildApp_default = local.testCase_buildApp_default || function (","            options,","            onError","        ) {","        /*","         * this function will test buildApp's default handling-behavior-behavior","         */","            local.testCase_buildReadme_default(options, local.onErrorThrow);","            local.testCase_buildLib_default(options, local.onErrorThrow);","            local.testCase_buildTest_default(options, local.onErrorThrow);","            local.testCase_buildCustomOrg_default(options, local.onErrorThrow);","            options = [];","            local.buildApp(options, onError);","        };","","        local.testCase_buildCustomOrg_default = local.testCase_buildCustomOrg_default ||","            function (options, onError) {","            /*","             * this function will test buildCustomOrg's default handling-behavior","             */","                options = {};","                local.buildCustomOrg(options, onError);","            };","","        local.testCase_buildLib_default = local.testCase_buildLib_default || function (","            options,","            onError","        ) {","        /*","         * this function will test buildLib's default handling-behavior","         */","            options = {};","            local.buildLib(options, onError);","        };","","        local.testCase_buildReadme_default = local.testCase_buildReadme_default || function (","            options,","            onError","        ) {","        /*","         * this function will test buildReadme's default handling-behavior-behavior","         */","            options = {};","            local.buildReadme(options, onError);","        };","","        local.testCase_buildTest_default = local.testCase_buildTest_default || function (","            options,","            onError","        ) {","        /*","         * this function will test buildTest's default handling-behavior","         */","            options = {};","            local.buildTest(options, onError);","        };","","        local.testCase_webpage_default = local.testCase_webpage_default || function (","            options,","            onError","        ) {","        /*","         * this function will test webpage's default handling-behavior","         */","            options = { modeCoverageMerge: true, url: local.serverLocalHost + '?modeTest=1' };","            local.browserTest(options, onError);","        };","","        // run test-server","        local.testRunServer(local);","        break;","    }","}());",""],"l":{"12":2,"14":2,"19":2,"21":2,"23":2,"24":2,"25":2,"30":1,"37":2,"40":2,"43":1,"47":1,"50":1,"52":1,"55":2,"61":2,"62":2,"64":2,"70":1,"76":1,"82":2,"83":2,"85":2,"91":1,"98":1,"102":1,"105":1,"112":1,"119":1,"120":1,"123":1,"130":1,"131":1,"132":1,"133":1,"134":1,"135":1,"138":1,"143":2,"144":2,"147":1,"154":2,"155":2,"158":1,"165":2,"166":2,"169":1,"176":2,"177":2,"180":1,"187":1,"188":1,"192":1,"193":1}},"/home/travis/build/npmtest/node-npmtest-sitemap/lib.npmtest_sitemap.js":{"path":"/home/travis/build/npmtest/node-npmtest-sitemap/lib.npmtest_sitemap.js","s":{"1":2,"2":2,"3":2,"4":2,"5":2,"6":2,"7":2,"8":1,"9":2,"10":2,"11":2,"12":2,"13":1,"14":1,"15":1,"16":1},"b":{"1":[2,1,1,1],"2":[1,1,1,1],"3":[1,1],"4":[2,2],"5":[1,1]},"f":{"1":2,"2":2,"3":2},"fnMap":{"1":{"name":"(anonymous_1)","line":12,"loc":{"start":{"line":12,"column":1},"end":{"line":12,"column":13}}},"2":{"name":"(anonymous_2)","line":19,"loc":{"start":{"line":19,"column":5},"end":{"line":19,"column":17}}},"3":{"name":"(anonymous_3)","line":23,"loc":{"start":{"line":23,"column":24},"end":{"line":23,"column":36}}}},"statementMap":{"1":{"start":{"line":12,"column":0},"end":{"line":53,"column":5}},"2":{"start":{"line":14,"column":4},"end":{"line":14,"column":14}},"3":{"start":{"line":19,"column":4},"end":{"line":52,"column":9}},"4":{"start":{"line":21,"column":8},"end":{"line":21,"column":19}},"5":{"start":{"line":23,"column":8},"end":{"line":35,"column":13}},"6":{"start":{"line":24,"column":12},"end":{"line":34,"column":13}},"7":{"start":{"line":25,"column":16},"end":{"line":28,"column":30}},"8":{"start":{"line":30,"column":16},"end":{"line":33,"column":27}},"9":{"start":{"line":37,"column":8},"end":{"line":39,"column":21}},"10":{"start":{"line":41,"column":8},"end":{"line":41,"column":54}},"11":{"start":{"line":43,"column":8},"end":{"line":43,"column":52}},"12":{"start":{"line":45,"column":8},"end":{"line":51,"column":9}},"13":{"start":{"line":46,"column":12},"end":{"line":46,"column":58}},"14":{"start":{"line":48,"column":12},"end":{"line":48,"column":35}},"15":{"start":{"line":49,"column":12},"end":{"line":49,"column":49}},"16":{"start":{"line":50,"column":12},"end":{"line":50,"column":43}}},"branchMap":{"1":{"line":25,"type":"binary-expr","locations":[{"start":{"line":25,"column":23},"end":{"line":25,"column":62}},{"start":{"line":26,"column":20},"end":{"line":26,"column":70}},{"start":{"line":27,"column":20},"end":{"line":27,"column":71}},{"start":{"line":28,"column":20},"end":{"line":28,"column":29}}]},"2":{"line":30,"type":"binary-expr","locations":[{"start":{"line":30,"column":23},"end":{"line":30,"column":37}},{"start":{"line":31,"column":20},"end":{"line":31,"column":61}},{"start":{"line":32,"column":20},"end":{"line":32,"column":70}},{"start":{"line":33,"column":20},"end":{"line":33,"column":26}}]},"3":{"line":37,"type":"cond-expr","locations":[{"start":{"line":38,"column":14},"end":{"line":38,"column":20}},{"start":{"line":39,"column":14},"end":{"line":39,"column":20}}]},"4":{"line":41,"type":"binary-expr","locations":[{"start":{"line":41,"column":16},"end":{"line":41,"column":44}},{"start":{"line":41,"column":48},"end":{"line":41,"column":53}}]},"5":{"line":45,"type":"if","locations":[{"start":{"line":45,"column":8},"end":{"line":45,"column":8}},{"start":{"line":45,"column":8},"end":{"line":45,"column":8}}]}},"code":["/* istanbul instrument in package npmtest_sitemap */","/*jslint","    bitwise: true,","    browser: true,","    maxerr: 8,","    maxlen: 96,","    node: true,","    nomen: true,","    regexp: true,","    stupid: true","*/","(function () {","    'use strict';","    var local;","","","","    // run shared js-env code - pre-init","    (function () {","        // init local","        local = {};","        // init modeJs","        local.modeJs = (function () {","            try {","                return typeof navigator.userAgent === 'string' &&","                    typeof document.querySelector('body') === 'object' &&","                    typeof XMLHttpRequest.prototype.open === 'function' &&","                    'browser';","            } catch (errorCaughtBrowser) {","                return module.exports &&","                    typeof process.versions.node === 'string' &&","                    typeof require('http').createServer === 'function' &&","                    'node';","            }","        }());","        // init global","        local.global = local.modeJs === 'browser'","            ? window","            : global;","        // init utility2_rollup","        local = local.global.utility2_rollup || local;","        // init lib","        local.local = local.npmtest_sitemap = local;","        // init exports","        if (local.modeJs === 'browser') {","            local.global.utility2_npmtest_sitemap = local;","        } else {","            module.exports = local;","            module.exports.__dirname = __dirname;","            module.exports.module = module;","        }","    }());","}());",""],"l":{"12":2,"14":2,"19":2,"21":2,"23":2,"24":2,"25":2,"30":1,"37":2,"41":2,"43":2,"45":2,"46":1,"48":1,"49":1,"50":1}},"/home/travis/build/npmtest/node-npmtest-sitemap/example.js":{"path":"/home/travis/build/npmtest/node-npmtest-sitemap/example.js","s":{"1":2,"2":2,"3":2,"4":2,"5":2,"6":2,"7":2,"8":1,"9":2,"10":2,"11":2,"12":2,"13":1,"14":2,"15":2,"16":2,"17":2,"18":2,"19":0,"20":2,"21":1,"22":1,"23":1,"24":1,"25":1,"26":0,"27":0,"28":1,"29":1,"30":2,"31":0,"32":0,"33":0,"34":1,"35":2,"36":2,"37":3,"38":3,"39":3,"40":3,"41":0,"42":3,"43":3,"44":3,"45":1,"46":3,"47":1,"48":1,"49":1,"50":1,"51":1,"52":1,"53":1,"54":1,"55":1,"56":1,"57":0,"58":1,"59":6,"60":6,"61":1,"62":2,"63":0,"64":2,"65":1,"66":1,"67":0,"68":0,"69":0,"70":0,"71":0,"72":0,"73":0,"74":0,"75":0,"76":0,"77":0,"78":0,"79":0,"80":0,"81":0,"82":0,"83":0},"b":{"1":[2,1,1,1],"2":[1,1,1,1],"3":[1,1],"4":[2,2],"5":[1,1],"6":[1,1],"7":[2,0],"8":[2,1,1,1,1,1],"9":[0,2,0],"10":[1,1],"11":[2,1,1],"12":[1,0],"13":[0,2],"14":[2,0,0,0,0,0,0],"15":[0,3],"16":[3,0],"17":[1,1],"18":[0,1],"19":[1,2,0,2],"20":[1,0],"21":[1,1],"22":[0,0],"23":[0,0],"24":[0,0],"25":[0,0],"26":[0,0],"27":[0,0],"28":[0,0]},"f":{"1":2,"2":2,"3":2,"4":2,"5":2,"6":2,"7":3,"8":3,"9":3,"10":1,"11":6,"12":0},"fnMap":{"1":{"name":"(anonymous_1)","line":26,"loc":{"start":{"line":26,"column":1},"end":{"line":26,"column":13}}},"2":{"name":"(anonymous_2)","line":33,"loc":{"start":{"line":33,"column":5},"end":{"line":33,"column":17}}},"3":{"name":"(anonymous_3)","line":37,"loc":{"start":{"line":37,"column":24},"end":{"line":37,"column":36}}},"4":{"name":"(anonymous_4)","line":69,"loc":{"start":{"line":69,"column":31},"end":{"line":69,"column":48}},"skip":true},"5":{"name":"(anonymous_5)","line":78,"loc":{"start":{"line":78,"column":26},"end":{"line":78,"column":45}},"skip":true},"6":{"name":"(anonymous_6)","line":123,"loc":{"start":{"line":123,"column":33},"end":{"line":123,"column":48}},"skip":true},"7":{"name":"(anonymous_7)","line":125,"loc":{"start":{"line":125,"column":27},"end":{"line":125,"column":39}},"skip":true},"8":{"name":"(anonymous_8)","line":133,"loc":{"start":{"line":133,"column":59},"end":{"line":133,"column":74}},"skip":true},"9":{"name":"(anonymous_9)","line":143,"loc":{"start":{"line":143,"column":45},"end":{"line":143,"column":62}},"skip":true},"10":{"name":"(anonymous_10)","line":144,"loc":{"start":{"line":144,"column":73},"end":{"line":144,"column":92}},"skip":true},"11":{"name":"(anonymous_11)","line":272,"loc":{"start":{"line":272,"column":51},"end":{"line":272,"column":77}},"skip":true},"12":{"name":"(anonymous_12)","line":315,"loc":{"start":{"line":315,"column":32},"end":{"line":315,"column":61}},"skip":true}},"statementMap":{"1":{"start":{"line":26,"column":0},"end":{"line":326,"column":5}},"2":{"start":{"line":28,"column":4},"end":{"line":28,"column":14}},"3":{"start":{"line":33,"column":4},"end":{"line":60,"column":9}},"4":{"start":{"line":35,"column":8},"end":{"line":35,"column":19}},"5":{"start":{"line":37,"column":8},"end":{"line":49,"column":13}},"6":{"start":{"line":38,"column":12},"end":{"line":48,"column":13}},"7":{"start":{"line":39,"column":16},"end":{"line":42,"column":30}},"8":{"start":{"line":44,"column":16},"end":{"line":47,"column":27}},"9":{"start":{"line":51,"column":8},"end":{"line":53,"column":21}},"10":{"start":{"line":55,"column":8},"end":{"line":57,"column":45}},"11":{"start":{"line":59,"column":8},"end":{"line":59,"column":35}},"12":{"start":{"line":61,"column":4},"end":{"line":325,"column":5}},"13":{"start":{"line":69,"column":8},"end":{"line":121,"column":10},"skip":true},"14":{"start":{"line":70,"column":12},"end":{"line":88,"column":13},"skip":true},"15":{"start":{"line":76,"column":16},"end":{"line":87,"column":19},"skip":true},"16":{"start":{"line":79,"column":20},"end":{"line":86,"column":21},"skip":true},"17":{"start":{"line":82,"column":24},"end":{"line":82,"column":43},"skip":true},"18":{"start":{"line":83,"column":24},"end":{"line":83,"column":30},"skip":true},"19":{"start":{"line":85,"column":24},"end":{"line":85,"column":49},"skip":true},"20":{"start":{"line":89,"column":12},"end":{"line":107,"column":13},"skip":true},"21":{"start":{"line":92,"column":16},"end":{"line":102,"column":17},"skip":true},"22":{"start":{"line":93,"column":20},"end":{"line":93,"column":86},"skip":true},"23":{"start":{"line":94,"column":20},"end":{"line":95,"column":45},"skip":true},"24":{"start":{"line":96,"column":20},"end":{"line":96,"column":42},"skip":true},"25":{"start":{"line":97,"column":20},"end":{"line":97,"column":48},"skip":true},"26":{"start":{"line":100,"column":20},"end":{"line":100,"column":85},"skip":true},"27":{"start":{"line":101,"column":20},"end":{"line":101,"column":96},"skip":true},"28":{"start":{"line":103,"column":16},"end":{"line":103,"column":22},"skip":true},"29":{"start":{"line":106,"column":16},"end":{"line":106,"column":22},"skip":true},"30":{"start":{"line":108,"column":12},"end":{"line":120,"column":13},"skip":true},"31":{"start":{"line":114,"column":16},"end":{"line":119,"column":17},"skip":true},"32":{"start":{"line":116,"column":20},"end":{"line":116,"column":78},"skip":true},"33":{"start":{"line":118,"column":20},"end":{"line":118,"column":47},"skip":true},"34":{"start":{"line":123,"column":8},"end":{"line":141,"column":11},"skip":true},"35":{"start":{"line":124,"column":12},"end":{"line":124,"column":54},"skip":true},"36":{"start":{"line":125,"column":12},"end":{"line":140,"column":14},"skip":true},"37":{"start":{"line":126,"column":16},"end":{"line":126,"column":28},"skip":true},"38":{"start":{"line":127,"column":16},"end":{"line":127,"column":69},"skip":true},"39":{"start":{"line":128,"column":16},"end":{"line":128,"column":75},"skip":true},"40":{"start":{"line":129,"column":16},"end":{"line":131,"column":17},"skip":true},"41":{"start":{"line":130,"column":20},"end":{"line":130,"column":27},"skip":true},"42":{"start":{"line":133,"column":16},"end":{"line":137,"column":36},"skip":true},"43":{"start":{"line":134,"column":20},"end":{"line":136,"column":55},"skip":true},"44":{"start":{"line":139,"column":16},"end":{"line":139,"column":57},"skip":true},"45":{"start":{"line":143,"column":8},"end":{"line":147,"column":11},"skip":true},"46":{"start":{"line":144,"column":12},"end":{"line":146,"column":15},"skip":true},"47":{"start":{"line":145,"column":16},"end":{"line":145,"column":70},"skip":true},"48":{"start":{"line":149,"column":8},"end":{"line":149,"column":31},"skip":true},"49":{"start":{"line":150,"column":8},"end":{"line":150,"column":14},"skip":true},"50":{"start":{"line":158,"column":8},"end":{"line":158,"column":31},"skip":true},"51":{"start":{"line":160,"column":8},"end":{"line":160,"column":33},"skip":true},"52":{"start":{"line":161,"column":8},"end":{"line":161,"column":37},"skip":true},"53":{"start":{"line":162,"column":8},"end":{"line":162,"column":35},"skip":true},"54":{"start":{"line":164,"column":8},"end":{"line":164,"column":50},"skip":true},"55":{"start":{"line":166,"column":8},"end":{"line":256,"column":2},"skip":true},"56":{"start":{"line":258,"column":8},"end":{"line":286,"column":9},"skip":true},"57":{"start":{"line":259,"column":12},"end":{"line":269,"column":14},"skip":true},"58":{"start":{"line":271,"column":12},"end":{"line":285,"column":19},"skip":true},"59":{"start":{"line":274,"column":20},"end":{"line":274,"column":35},"skip":true},"60":{"start":{"line":275,"column":20},"end":{"line":284,"column":21},"skip":true},"61":{"start":{"line":277,"column":24},"end":{"line":277,"column":64},"skip":true},"62":{"start":{"line":279,"column":24},"end":{"line":279,"column":40},"skip":true},"63":{"start":{"line":281,"column":24},"end":{"line":281,"column":40},"skip":true},"64":{"start":{"line":283,"column":24},"end":{"line":283,"column":39},"skip":true},"65":{"start":{"line":288,"column":8},"end":{"line":290,"column":9},"skip":true},"66":{"start":{"line":289,"column":12},"end":{"line":289,"column":18},"skip":true},"67":{"start":{"line":291,"column":8},"end":{"line":293,"column":54},"skip":true},"68":{"start":{"line":296,"column":8},"end":{"line":301,"column":37},"skip":true},"69":{"start":{"line":303,"column":8},"end":{"line":303,"column":82},"skip":true},"70":{"start":{"line":306,"column":8},"end":{"line":308,"column":9},"skip":true},"71":{"start":{"line":307,"column":12},"end":{"line":307,"column":82},"skip":true},"72":{"start":{"line":310,"column":8},"end":{"line":312,"column":9},"skip":true},"73":{"start":{"line":311,"column":12},"end":{"line":311,"column":18},"skip":true},"74":{"start":{"line":313,"column":8},"end":{"line":313,"column":54},"skip":true},"75":{"start":{"line":314,"column":8},"end":{"line":314,"column":69},"skip":true},"76":{"start":{"line":315,"column":8},"end":{"line":323,"column":36},"skip":true},"77":{"start":{"line":316,"column":12},"end":{"line":316,"column":61},"skip":true},"78":{"start":{"line":317,"column":12},"end":{"line":320,"column":13},"skip":true},"79":{"start":{"line":318,"column":16},"end":{"line":318,"column":75},"skip":true},"80":{"start":{"line":319,"column":16},"end":{"line":319,"column":23},"skip":true},"81":{"start":{"line":321,"column":12},"end":{"line":321,"column":38},"skip":true},"82":{"start":{"line":322,"column":12},"end":{"line":322,"column":27},"skip":true},"83":{"start":{"line":324,"column":8},"end":{"line":324,"column":14},"skip":true}},"branchMap":{"1":{"line":39,"type":"binary-expr","locations":[{"start":{"line":39,"column":23},"end":{"line":39,"column":62}},{"start":{"line":40,"column":20},"end":{"line":40,"column":70}},{"start":{"line":41,"column":20},"end":{"line":41,"column":71}},{"start":{"line":42,"column":20},"end":{"line":42,"column":29}}]},"2":{"line":44,"type":"binary-expr","locations":[{"start":{"line":44,"column":23},"end":{"line":44,"column":37}},{"start":{"line":45,"column":20},"end":{"line":45,"column":61}},{"start":{"line":46,"column":20},"end":{"line":46,"column":70}},{"start":{"line":47,"column":20},"end":{"line":47,"column":26}}]},"3":{"line":51,"type":"cond-expr","locations":[{"start":{"line":52,"column":14},"end":{"line":52,"column":20}},{"start":{"line":53,"column":14},"end":{"line":53,"column":20}}]},"4":{"line":55,"type":"binary-expr","locations":[{"start":{"line":55,"column":16},"end":{"line":55,"column":44}},{"start":{"line":55,"column":49},"end":{"line":57,"column":43}}]},"5":{"line":55,"type":"cond-expr","locations":[{"start":{"line":56,"column":14},"end":{"line":56,"column":51}},{"start":{"line":57,"column":14},"end":{"line":57,"column":43}}]},"6":{"line":61,"type":"switch","locations":[{"start":{"line":68,"column":4},"end":{"line":150,"column":14},"skip":true},{"start":{"line":156,"column":4},"end":{"line":324,"column":14},"skip":true}]},"7":{"line":70,"type":"if","locations":[{"start":{"line":70,"column":12},"end":{"line":70,"column":12},"skip":true},{"start":{"line":70,"column":12},"end":{"line":70,"column":12},"skip":true}]},"8":{"line":70,"type":"binary-expr","locations":[{"start":{"line":70,"column":16},"end":{"line":70,"column":22},"skip":true},{"start":{"line":70,"column":27},"end":{"line":70,"column":32},"skip":true},{"start":{"line":71,"column":20},"end":{"line":71,"column":39},"skip":true},{"start":{"line":72,"column":20},"end":{"line":72,"column":49},"skip":true},{"start":{"line":73,"column":20},"end":{"line":73,"column":58},"skip":true},{"start":{"line":74,"column":20},"end":{"line":74,"column":69},"skip":true}]},"9":{"line":79,"type":"switch","locations":[{"start":{"line":80,"column":20},"end":{"line":80,"column":33},"skip":true},{"start":{"line":81,"column":20},"end":{"line":83,"column":30},"skip":true},{"start":{"line":84,"column":20},"end":{"line":85,"column":49},"skip":true}]},"10":{"line":89,"type":"switch","locations":[{"start":{"line":90,"column":12},"end":{"line":103,"column":22},"skip":true},{"start":{"line":105,"column":12},"end":{"line":106,"column":22},"skip":true}]},"11":{"line":89,"type":"binary-expr","locations":[{"start":{"line":89,"column":20},"end":{"line":89,"column":25},"skip":true},{"start":{"line":89,"column":29},"end":{"line":89,"column":48},"skip":true},{"start":{"line":89,"column":52},"end":{"line":89,"column":74},"skip":true}]},"12":{"line":92,"type":"if","locations":[{"start":{"line":92,"column":16},"end":{"line":92,"column":16},"skip":true},{"start":{"line":92,"column":16},"end":{"line":92,"column":16},"skip":true}]},"13":{"line":108,"type":"if","locations":[{"start":{"line":108,"column":12},"end":{"line":108,"column":12},"skip":true},{"start":{"line":108,"column":12},"end":{"line":108,"column":12},"skip":true}]},"14":{"line":108,"type":"binary-expr","locations":[{"start":{"line":108,"column":16},"end":{"line":108,"column":61},"skip":true},{"start":{"line":108,"column":66},"end":{"line":108,"column":72},"skip":true},{"start":{"line":108,"column":77},"end":{"line":108,"column":82},"skip":true},{"start":{"line":109,"column":20},"end":{"line":109,"column":39},"skip":true},{"start":{"line":110,"column":20},"end":{"line":110,"column":49},"skip":true},{"start":{"line":111,"column":20},"end":{"line":111,"column":58},"skip":true},{"start":{"line":112,"column":20},"end":{"line":112,"column":68},"skip":true}]},"15":{"line":129,"type":"if","locations":[{"start":{"line":129,"column":16},"end":{"line":129,"column":16},"skip":true},{"start":{"line":129,"column":16},"end":{"line":129,"column":16},"skip":true}]},"16":{"line":134,"type":"cond-expr","locations":[{"start":{"line":135,"column":26},"end":{"line":135,"column":29},"skip":true},{"start":{"line":136,"column":26},"end":{"line":136,"column":54},"skip":true}]},"17":{"line":164,"type":"binary-expr","locations":[{"start":{"line":164,"column":27},"end":{"line":164,"column":43},"skip":true},{"start":{"line":164,"column":47},"end":{"line":164,"column":49},"skip":true}]},"18":{"line":258,"type":"if","locations":[{"start":{"line":258,"column":8},"end":{"line":258,"column":8},"skip":true},{"start":{"line":258,"column":8},"end":{"line":258,"column":8},"skip":true}]},"19":{"line":275,"type":"switch","locations":[{"start":{"line":276,"column":20},"end":{"line":277,"column":64},"skip":true},{"start":{"line":278,"column":20},"end":{"line":279,"column":40},"skip":true},{"start":{"line":280,"column":20},"end":{"line":281,"column":40},"skip":true},{"start":{"line":282,"column":20},"end":{"line":283,"column":39},"skip":true}]},"20":{"line":288,"type":"if","locations":[{"start":{"line":288,"column":8},"end":{"line":288,"column":8},"skip":true},{"start":{"line":288,"column":8},"end":{"line":288,"column":8},"skip":true}]},"21":{"line":288,"type":"binary-expr","locations":[{"start":{"line":288,"column":12},"end":{"line":288,"column":40},"skip":true},{"start":{"line":288,"column":44},"end":{"line":288,"column":67},"skip":true}]},"22":{"line":292,"type":"binary-expr","locations":[{"start":{"line":292,"column":12},"end":{"line":292,"column":50},"skip":true},{"start":{"line":293,"column":12},"end":{"line":293,"column":53},"skip":true}]},"23":{"line":297,"type":"binary-expr","locations":[{"start":{"line":297,"column":12},"end":{"line":297,"column":65},"skip":true},{"start":{"line":298,"column":12},"end":{"line":301,"column":36},"skip":true}]},"24":{"line":303,"type":"binary-expr","locations":[{"start":{"line":303,"column":43},"end":{"line":303,"column":75},"skip":true},{"start":{"line":303,"column":79},"end":{"line":303,"column":81},"skip":true}]},"25":{"line":306,"type":"if","locations":[{"start":{"line":306,"column":8},"end":{"line":306,"column":8},"skip":true},{"start":{"line":306,"column":8},"end":{"line":306,"column":8},"skip":true}]},"26":{"line":310,"type":"if","locations":[{"start":{"line":310,"column":8},"end":{"line":310,"column":8},"skip":true},{"start":{"line":310,"column":8},"end":{"line":310,"column":8},"skip":true}]},"27":{"line":313,"type":"binary-expr","locations":[{"start":{"line":313,"column":27},"end":{"line":313,"column":43},"skip":true},{"start":{"line":313,"column":47},"end":{"line":313,"column":53},"skip":true}]},"28":{"line":317,"type":"if","locations":[{"start":{"line":317,"column":12},"end":{"line":317,"column":12},"skip":true},{"start":{"line":317,"column":12},"end":{"line":317,"column":12},"skip":true}]}},"code":["/*","example.js","","quickstart example","","instruction","    1. save this script as example.js","    2. run the shell command:","        $ npm install npmtest-sitemap && PORT=8081 node example.js","    3. play with the browser-demo on http://127.0.0.1:8081","*/","","","","/* istanbul instrument in package npmtest_sitemap */","/*jslint","    bitwise: true,","    browser: true,","    maxerr: 8,","    maxlen: 96,","    node: true,","    nomen: true,","    regexp: true,","    stupid: true","*/","(function () {","    'use strict';","    var local;","","","","    // run shared js-env code - pre-init","    (function () {","        // init local","        local = {};","        // init modeJs","        local.modeJs = (function () {","            try {","                return typeof navigator.userAgent === 'string' &&","                    typeof document.querySelector('body') === 'object' &&","                    typeof XMLHttpRequest.prototype.open === 'function' &&","                    'browser';","            } catch (errorCaughtBrowser) {","                return module.exports &&","                    typeof process.versions.node === 'string' &&","                    typeof require('http').createServer === 'function' &&","                    'node';","            }","        }());","        // init global","        local.global = local.modeJs === 'browser'","            ? window","            : global;","        // init utility2_rollup","        local = local.global.utility2_rollup || (local.modeJs === 'browser'","            ? local.global.utility2_npmtest_sitemap","            : global.utility2_moduleExports);","        // export local","        local.global.local = local;","    }());","    switch (local.modeJs) {","","","","    // post-init","    // run browser js-env code - post-init","    /* istanbul ignore next */","    case 'browser':","        local.testRunBrowser = function (event) {","            if (!event || (event &&","                    event.currentTarget &&","                    event.currentTarget.className &&","                    event.currentTarget.className.includes &&","                    event.currentTarget.className.includes('onreset'))) {","                // reset output","                Array.from(","                    document.querySelectorAll('body > .resettable')","                ).forEach(function (element) {","                    switch (element.tagName) {","                    case 'INPUT':","                    case 'TEXTAREA':","                        element.value = '';","                        break;","                    default:","                        element.textContent = '';","                    }","                });","            }","            switch (event && event.currentTarget && event.currentTarget.id) {","            case 'testRunButton1':","                // show tests","                if (document.querySelector('#testReportDiv1').style.display === 'none') {","                    document.querySelector('#testReportDiv1').style.display = 'block';","                    document.querySelector('#testRunButton1').textContent =","                        'hide internal test';","                    local.modeTest = true;","                    local.testRunDefault(local);","                // hide tests","                } else {","                    document.querySelector('#testReportDiv1').style.display = 'none';","                    document.querySelector('#testRunButton1').textContent = 'run internal test';","                }","                break;","            // custom-case","            default:","                break;","            }","            if (document.querySelector('#inputTextareaEval1') && (!event || (event &&","                    event.currentTarget &&","                    event.currentTarget.className &&","                    event.currentTarget.className.includes &&","                    event.currentTarget.className.includes('oneval')))) {","                // try to eval input-code","                try {","                    /*jslint evil: true*/","                    eval(document.querySelector('#inputTextareaEval1').value);","                } catch (errorCaught) {","                    console.error(errorCaught);","                }","            }","        };","        // log stderr and stdout to #outputTextareaStdout1","        ['error', 'log'].forEach(function (key) {","            console[key + '_original'] = console[key];","            console[key] = function () {","                var element;","                console[key + '_original'].apply(console, arguments);","                element = document.querySelector('#outputTextareaStdout1');","                if (!element) {","                    return;","                }","                // append text to #outputTextareaStdout1","                element.value += Array.from(arguments).map(function (arg) {","                    return typeof arg === 'string'","                        ? arg","                        : JSON.stringify(arg, null, 4);","                }).join(' ') + '\\n';","                // scroll textarea to bottom","                element.scrollTop = element.scrollHeight;","            };","        });","        // init event-handling","        ['change', 'click', 'keyup'].forEach(function (event) {","            Array.from(document.querySelectorAll('.on' + event)).forEach(function (element) {","                element.addEventListener(event, local.testRunBrowser);","            });","        });","        // run tests","        local.testRunBrowser();","        break;","","","","    // run node js-env code - post-init","    /* istanbul ignore next */","    case 'node':","        // export local","        module.exports = local;","        // require modules","        local.fs = require('fs');","        local.http = require('http');","        local.url = require('url');","        // init assets","        local.assetsDict = local.assetsDict || {};","        /* jslint-ignore-begin */","        local.assetsDict['/assets.index.template.html'] = '\\","<!doctype html>\\n\\","<html lang=\"en\">\\n\\","<head>\\n\\","<meta charset=\"UTF-8\">\\n\\","<meta name=\"viewport\" content=\"width=device-width, initial-scale=1\">\\n\\","<title>{{env.npm_package_name}} (v{{env.npm_package_version}})</title>\\n\\","<style>\\n\\","/*csslint\\n\\","    box-sizing: false,\\n\\","    universal-selector: false\\n\\","*/\\n\\","* {\\n\\","    box-sizing: border-box;\\n\\","}\\n\\","body {\\n\\","    background: #dde;\\n\\","    font-family: Arial, Helvetica, sans-serif;\\n\\","    margin: 2rem;\\n\\","}\\n\\","body > * {\\n\\","    margin-bottom: 1rem;\\n\\","}\\n\\",".utility2FooterDiv {\\n\\","    margin-top: 20px;\\n\\","    text-align: center;\\n\\","}\\n\\","</style>\\n\\","<style>\\n\\","/*csslint\\n\\","*/\\n\\","textarea {\\n\\","    font-family: monospace;\\n\\","    height: 10rem;\\n\\","    width: 100%;\\n\\","}\\n\\","textarea[readonly] {\\n\\","    background: #ddd;\\n\\","}\\n\\","</style>\\n\\","</head>\\n\\","<body>\\n\\","<!-- utility2-comment\\n\\","<div id=\"ajaxProgressDiv1\" style=\"background: #d00; height: 2px; left: 0; margin: 0; padding: 0; position: fixed; top: 0; transition: background 0.5s, width 1.5s; width: 25%;\"></div>\\n\\","utility2-comment -->\\n\\","<h1>\\n\\","<!-- utility2-comment\\n\\","    <a\\n\\","        {{#if env.npm_package_homepage}}\\n\\","        href=\"{{env.npm_package_homepage}}\"\\n\\","        {{/if env.npm_package_homepage}}\\n\\","        target=\"_blank\"\\n\\","    >\\n\\","utility2-comment -->\\n\\","        {{env.npm_package_name}} (v{{env.npm_package_version}})\\n\\","<!-- utility2-comment\\n\\","    </a>\\n\\","utility2-comment -->\\n\\","</h1>\\n\\","<h3>{{env.npm_package_description}}</h3>\\n\\","<!-- utility2-comment\\n\\","<h4><a download href=\"assets.app.js\">download standalone app</a></h4>\\n\\","<button class=\"onclick onreset\" id=\"testRunButton1\">run internal test</button><br>\\n\\","<div id=\"testReportDiv1\" style=\"display: none;\"></div>\\n\\","utility2-comment -->\\n\\","\\n\\","\\n\\","\\n\\","<label>stderr and stdout</label>\\n\\","<textarea class=\"resettable\" id=\"outputTextareaStdout1\" readonly></textarea>\\n\\","<!-- utility2-comment\\n\\","{{#if isRollup}}\\n\\","<script src=\"assets.app.js\"></script>\\n\\","{{#unless isRollup}}\\n\\","utility2-comment -->\\n\\","<script src=\"assets.utility2.rollup.js\"></script>\\n\\","<script src=\"jsonp.utility2._stateInit?callback=window.utility2._stateInit\"></script>\\n\\","<script src=\"assets.npmtest_sitemap.rollup.js\"></script>\\n\\","<script src=\"assets.example.js\"></script>\\n\\","<script src=\"assets.test.js\"></script>\\n\\","<!-- utility2-comment\\n\\","{{/if isRollup}}\\n\\","utility2-comment -->\\n\\","<div class=\"utility2FooterDiv\">\\n\\","    [ this app was created with\\n\\","    <a href=\"https://github.com/kaizhu256/node-utility2\" target=\"_blank\">utility2</a>\\n\\","    ]\\n\\","</div>\\n\\","</body>\\n\\","</html>\\n\\","';","        /* jslint-ignore-end */","        if (local.templateRender) {","            local.assetsDict['/'] = local.templateRender(","                local.assetsDict['/assets.index.template.html'],","                {","                    env: local.objectSetDefault(local.env, {","                        npm_package_description: 'the greatest app in the world!',","                        npm_package_name: 'my-app',","                        npm_package_nameAlias: 'my_app',","                        npm_package_version: '0.0.1'","                    })","                }","            );","        } else {","            local.assetsDict['/'] = local.assetsDict['/assets.index.template.html']","                .replace((/\\{\\{env\\.(\\w+?)\\}\\}/g), function (match0, match1) {","                    // jslint-hack","                    String(match0);","                    switch (match1) {","                    case 'npm_package_description':","                        return 'the greatest app in the world!';","                    case 'npm_package_name':","                        return 'my-app';","                    case 'npm_package_nameAlias':","                        return 'my_app';","                    case 'npm_package_version':","                        return '0.0.1';","                    }","                });","        }","        // run the cli","        if (local.global.utility2_rollup || module !== require.main) {","            break;","        }","        local.assetsDict['/assets.example.js'] =","            local.assetsDict['/assets.example.js'] ||","            local.fs.readFileSync(__filename, 'utf8');","        // bug-workaround - long $npm_package_buildCustomOrg","        /* jslint-ignore-begin */","        local.assetsDict['/assets.npmtest_sitemap.rollup.js'] =","            local.assetsDict['/assets.npmtest_sitemap.rollup.js'] ||","            local.fs.readFileSync(","                local.npmtest_sitemap.__dirname + '/lib.npmtest_sitemap.js',","                'utf8'","            ).replace((/^#!/), '//');","        /* jslint-ignore-end */","        local.assetsDict['/favicon.ico'] = local.assetsDict['/favicon.ico'] || '';","        // if $npm_config_timeout_exit exists,","        // then exit this process after $npm_config_timeout_exit ms","        if (Number(process.env.npm_config_timeout_exit)) {","            setTimeout(process.exit, Number(process.env.npm_config_timeout_exit));","        }","        // start server","        if (local.global.utility2_serverHttp1) {","            break;","        }","        process.env.PORT = process.env.PORT || '8081';","        console.error('server starting on port ' + process.env.PORT);","        local.http.createServer(function (request, response) {","            request.urlParsed = local.url.parse(request.url);","            if (local.assetsDict[request.urlParsed.pathname] !== undefined) {","                response.end(local.assetsDict[request.urlParsed.pathname]);","                return;","            }","            response.statusCode = 404;","            response.end();","        }).listen(process.env.PORT);","        break;","    }","}());",""],"l":{"26":2,"28":2,"33":2,"35":2,"37":2,"38":2,"39":2,"44":1,"51":2,"55":2,"59":2,"61":2,"69":1,"70":2,"76":2,"79":2,"82":2,"83":2,"85":1,"89":2,"92":1,"93":1,"94":1,"96":1,"97":1,"100":1,"101":1,"103":1,"106":1,"108":2,"114":1,"116":1,"118":1,"123":1,"124":2,"125":2,"126":3,"127":3,"128":3,"129":3,"130":1,"133":3,"134":3,"139":3,"143":1,"144":3,"145":1,"149":1,"150":1,"158":1,"160":1,"161":1,"162":1,"164":1,"166":1,"258":1,"259":1,"271":1,"274":6,"275":6,"277":1,"279":2,"281":1,"283":2,"288":1,"289":1,"291":1,"296":1,"303":1,"306":1,"307":1,"310":1,"311":1,"313":1,"314":1,"315":1,"316":1,"317":1,"318":1,"319":1,"321":1,"322":1,"324":1}},"/home/travis/build/npmtest/node-npmtest-sitemap/node_modules/sitemap/index.js":{"path":"/home/travis/build/npmtest/node-npmtest-sitemap/node_modules/sitemap/index.js","s":{"1":1,"2":1,"3":1,"4":1,"5":1,"6":1},"b":{"1":[1,0]},"f":{},"fnMap":{},"statementMap":{"1":{"start":{"line":7,"column":0},"end":{"line":7,"column":42}},"2":{"start":{"line":8,"column":0},"end":{"line":8,"column":46}},"3":{"start":{"line":9,"column":0},"end":{"line":9,"column":48}},"4":{"start":{"line":14,"column":0},"end":{"line":14,"column":23}},"5":{"start":{"line":16,"column":0},"end":{"line":19,"column":1}},"6":{"start":{"line":17,"column":2},"end":{"line":18,"column":66}}},"branchMap":{"1":{"line":16,"type":"if","locations":[{"start":{"line":16,"column":0},"end":{"line":16,"column":0}},{"start":{"line":16,"column":0},"end":{"line":16,"column":0}}]}},"code":["/*!"," * Sitemap"," * Copyright(c) 2011 Eugene Kalinin"," * MIT Licensed"," */","","module.exports = require('./lib/sitemap');","module.exports.utils = require('./lib/utils');","module.exports.errors = require('./lib/errors');","","/**"," * Framework version."," */","var fs = require('fs');","","if (!module.exports.version) {","  module.exports.version = JSON.parse(","    fs.readFileSync(__dirname + \"/package.json\", 'utf8')).version;","}",""],"l":{"7":1,"8":1,"9":1,"14":1,"16":1,"17":1}},"/home/travis/build/npmtest/node-npmtest-sitemap/node_modules/sitemap/lib/sitemap.js":{"path":"/home/travis/build/npmtest/node-npmtest-sitemap/node_modules/sitemap/lib/sitemap.js","s":{"1":1,"2":1,"3":1,"4":1,"5":1,"6":1,"7":1,"8":1,"9":1,"10":3,"11":3,"12":3,"13":3,"14":0,"15":3,"16":3,"17":1,"18":1,"19":1,"20":0,"21":1,"22":1,"23":0,"24":1,"25":0,"26":0,"27":0,"28":0,"29":0,"30":1,"31":0,"32":0,"33":0,"34":0,"35":1,"36":0,"37":1,"38":1,"39":1,"40":0,"41":1,"42":1,"43":1,"44":0,"45":1,"46":1,"47":1,"48":1,"49":1,"50":1,"51":1,"52":1,"53":1,"54":0,"55":1,"56":1,"57":1,"58":12,"59":12,"60":0,"61":0,"62":0,"63":0,"64":0,"65":0,"66":0,"67":0,"68":0,"69":0,"70":0,"71":0,"72":12,"73":0,"74":0,"75":0,"76":0,"77":0,"78":0,"79":0,"80":0,"81":0,"82":0,"83":0,"84":0,"85":0,"86":0,"87":0,"88":0,"89":0,"90":0,"91":0,"92":0,"93":0,"94":0,"95":0,"96":0,"97":0,"98":0,"99":0,"100":0,"101":0,"102":0,"103":0,"104":0,"105":0,"106":0,"107":0,"108":0,"109":0,"110":0,"111":0,"112":0,"113":0,"114":0,"115":0,"116":12,"117":1,"118":2,"119":11,"120":0,"121":11,"122":0,"123":11,"124":0,"125":11,"126":1,"127":10,"128":0,"129":10,"130":0,"131":0,"132":0,"133":0,"134":0,"135":0,"136":0,"137":0,"138":0,"139":0,"140":0,"141":0,"142":0,"143":0,"144":0,"145":0,"146":0,"147":0,"148":0,"149":0,"150":0,"151":0,"152":10,"153":2,"154":8,"155":12,"156":1,"157":1,"158":1,"159":1,"160":1,"161":1,"162":1,"163":1,"164":1,"165":1,"166":1,"167":1,"168":0,"169":1,"170":1,"171":1,"172":1,"173":1,"174":1,"175":1,"176":1,"177":0,"178":1,"179":0,"180":0,"181":0,"182":0,"183":0,"184":0,"185":0,"186":0,"187":0,"188":0,"189":0,"190":0,"191":0,"192":1,"193":0,"194":0,"195":0,"196":0,"197":0,"198":0,"199":0,"200":1,"201":1,"202":1,"203":1,"204":1,"205":0,"206":1,"207":0,"208":1,"209":0,"210":1,"211":1,"212":1,"213":0,"214":1,"215":1,"216":0,"217":1,"218":0,"219":0,"220":0,"221":0,"222":0,"223":0,"224":0,"225":1,"226":1,"227":2,"228":0,"229":1,"230":1,"231":1,"232":1,"233":0,"234":0,"235":0,"236":0,"237":1,"238":0,"239":1,"240":0,"241":0,"242":0,"243":0,"244":0,"245":0,"246":0,"247":0,"248":0,"249":0,"250":0,"251":0,"252":0,"253":1,"254":0,"255":0,"256":0,"257":0,"258":0,"259":0,"260":0,"261":0,"262":0,"263":0,"264":0,"265":0,"266":0,"267":0,"268":0,"269":0,"270":0,"271":0,"272":0,"273":0,"274":0,"275":0,"276":0,"277":0,"278":0,"279":0,"280":0,"281":0,"282":0,"283":0,"284":0,"285":0,"286":0,"287":0,"288":0,"289":0,"290":0,"291":0,"292":0,"293":0,"294":0,"295":0,"296":0,"297":0},"b":{"1":[3,0],"2":[0,3],"3":[1,0],"4":[0,1],"5":[1,0],"6":[0,1],"7":[0,1],"8":[0,1],"9":[1,0],"10":[1,1],"11":[0,1],"12":[1,0],"13":[1,1],"14":[0,1],"15":[1,1],"16":[1,1],"17":[1,1],"18":[1,1],"19":[1,0],"20":[1,1],"21":[1,1],"22":[1,1],"23":[1,1],"24":[1,1],"25":[0,12],"26":[12,4],"27":[0,0],"28":[0,0],"29":[0,0],"30":[0,0],"31":[0,0],"32":[0,0],"33":[0,0],"34":[0,12],"35":[12,4],"36":[0,0],"37":[0,0],"38":[0,0],"39":[0,0,0,0],"40":[0,0],"41":[0,0],"42":[0,0],"43":[0,0],"44":[0,0],"45":[0,0],"46":[0,0],"47":[0,0],"48":[0,0],"49":[0,0],"50":[0,0],"51":[0,0],"52":[0,0],"53":[0,0],"54":[0,0],"55":[0,0],"56":[0,0],"57":[1,11],"58":[12,4],"59":[0,11],"60":[11,3],"61":[0,11],"62":[11,3],"63":[0,11],"64":[11,3],"65":[1,10],"66":[11,1,1],"67":[0,10],"68":[10,2],"69":[0,10],"70":[10,2],"71":[0,0],"72":[0,0],"73":[0,0],"74":[0,0],"75":[0,0],"76":[0,0],"77":[0,0],"78":[0,0],"79":[0,0],"80":[2,8],"81":[1,0],"82":[1,0],"83":[1,0],"84":[1,1,0],"85":[0,0],"86":[0,0],"87":[0,0],"88":[0,0],"89":[0,0],"90":[1,0],"91":[0,1],"92":[0,1],"93":[0,1],"94":[1,0],"95":[0,1],"96":[0,1],"97":[0,0],"98":[0,0],"99":[0,0],"100":[0,0],"101":[1,0],"102":[0,2],"103":[0,0],"104":[0,0],"105":[0,0],"106":[0,0],"107":[0,0],"108":[0,0],"109":[0,0],"110":[0,0],"111":[0,0],"112":[0,0],"113":[0,0],"114":[0,0],"115":[0,0]},"f":{"1":1,"2":3,"3":1,"4":0,"5":1,"6":0,"7":0,"8":2,"9":1,"10":0,"11":1,"12":1,"13":0,"14":0,"15":0,"16":0,"17":0,"18":0,"19":1,"20":1,"21":0,"22":2,"23":0,"24":0,"25":0,"26":0,"27":0,"28":0,"29":0,"30":0,"31":0},"fnMap":{"1":{"name":"createSitemap","line":31,"loc":{"start":{"line":31,"column":0},"end":{"line":31,"column":29}}},"2":{"name":"safeUrl","line":35,"loc":{"start":{"line":35,"column":0},"end":{"line":35,"column":23}}},"3":{"name":"SitemapItem","line":51,"loc":{"start":{"line":51,"column":0},"end":{"line":51,"column":27}}},"4":{"name":"(anonymous_4)","line":126,"loc":{"start":{"line":126,"column":30},"end":{"line":126,"column":42}}},"5":{"name":"(anonymous_5)","line":134,"loc":{"start":{"line":134,"column":33},"end":{"line":134,"column":45}}},"6":{"name":"(anonymous_6)","line":154,"loc":{"start":{"line":154,"column":22},"end":{"line":154,"column":39}}},"7":{"name":"(anonymous_7)","line":177,"loc":{"start":{"line":177,"column":22},"end":{"line":177,"column":39}}},"8":{"name":"(anonymous_8)","line":227,"loc":{"start":{"line":227,"column":20},"end":{"line":227,"column":36}}},"9":{"name":"Sitemap","line":298,"loc":{"start":{"line":298,"column":0},"end":{"line":298,"column":59}}},"10":{"name":"(anonymous_10)","line":324,"loc":{"start":{"line":324,"column":31},"end":{"line":324,"column":43}}},"11":{"name":"(anonymous_11)","line":331,"loc":{"start":{"line":331,"column":33},"end":{"line":331,"column":45}}},"12":{"name":"(anonymous_12)","line":340,"loc":{"start":{"line":340,"column":29},"end":{"line":340,"column":49}}},"13":{"name":"(anonymous_13)","line":350,"loc":{"start":{"line":350,"column":24},"end":{"line":350,"column":39}}},"14":{"name":"(anonymous_14)","line":358,"loc":{"start":{"line":358,"column":24},"end":{"line":358,"column":39}}},"15":{"name":"(anonymous_15)","line":370,"loc":{"start":{"line":370,"column":20},"end":{"line":370,"column":43}}},"16":{"name":"(anonymous_16)","line":383,"loc":{"start":{"line":383,"column":26},"end":{"line":383,"column":42}}},"17":{"name":"(anonymous_17)","line":394,"loc":{"start":{"line":394,"column":26},"end":{"line":394,"column":46}}},"18":{"name":"(anonymous_18)","line":399,"loc":{"start":{"line":399,"column":19},"end":{"line":399,"column":31}}},"19":{"name":"(anonymous_19)","line":414,"loc":{"start":{"line":414,"column":29},"end":{"line":414,"column":41}}},"20":{"name":"(anonymous_20)","line":440,"loc":{"start":{"line":440,"column":20},"end":{"line":440,"column":43}}},"21":{"name":"(anonymous_21)","line":463,"loc":{"start":{"line":463,"column":24},"end":{"line":463,"column":39}}},"22":{"name":"(anonymous_22)","line":470,"loc":{"start":{"line":470,"column":26},"end":{"line":470,"column":42}}},"23":{"name":"(anonymous_23)","line":485,"loc":{"start":{"line":485,"column":27},"end":{"line":485,"column":47}}},"24":{"name":"createSitemapIndex","line":508,"loc":{"start":{"line":508,"column":0},"end":{"line":508,"column":34}}},"25":{"name":"buildSitemapIndex","line":529,"loc":{"start":{"line":529,"column":0},"end":{"line":529,"column":33}}},"26":{"name":"(anonymous_26)","line":546,"loc":{"start":{"line":546,"column":20},"end":{"line":546,"column":35}}},"27":{"name":"SitemapIndex","line":569,"loc":{"start":{"line":569,"column":0},"end":{"line":569,"column":113}}},"28":{"name":"(anonymous_28)","line":619,"loc":{"start":{"line":619,"column":22},"end":{"line":619,"column":46}}},"29":{"name":"(anonymous_29)","line":633,"loc":{"start":{"line":633,"column":24},"end":{"line":633,"column":38}}},"30":{"name":"(anonymous_30)","line":644,"loc":{"start":{"line":644,"column":38},"end":{"line":644,"column":62}}},"31":{"name":"(anonymous_31)","line":652,"loc":{"start":{"line":652,"column":22},"end":{"line":652,"column":36}}}},"statementMap":{"1":{"start":{"line":7,"column":0},"end":{"line":12,"column":30}},"2":{"start":{"line":14,"column":0},"end":{"line":14,"column":26}},"3":{"start":{"line":15,"column":0},"end":{"line":15,"column":34}},"4":{"start":{"line":16,"column":0},"end":{"line":16,"column":38}},"5":{"start":{"line":17,"column":0},"end":{"line":17,"column":48}},"6":{"start":{"line":18,"column":0},"end":{"line":18,"column":46}},"7":{"start":{"line":31,"column":0},"end":{"line":33,"column":1}},"8":{"start":{"line":32,"column":2},"end":{"line":32,"column":88}},"9":{"start":{"line":35,"column":0},"end":{"line":46,"column":1}},"10":{"start":{"line":36,"column":2},"end":{"line":36,"column":24}},"11":{"start":{"line":37,"column":2},"end":{"line":44,"column":3}},"12":{"start":{"line":38,"column":4},"end":{"line":38,"column":49}},"13":{"start":{"line":39,"column":4},"end":{"line":41,"column":5}},"14":{"start":{"line":40,"column":6},"end":{"line":40,"column":41}},"15":{"start":{"line":43,"column":4},"end":{"line":43,"column":37}},"16":{"start":{"line":45,"column":2},"end":{"line":45,"column":13}},"17":{"start":{"line":51,"column":0},"end":{"line":120,"column":1}},"18":{"start":{"line":52,"column":2},"end":{"line":53,"column":33}},"19":{"start":{"line":55,"column":2},"end":{"line":57,"column":3}},"20":{"start":{"line":56,"column":4},"end":{"line":56,"column":31}},"21":{"start":{"line":60,"column":2},"end":{"line":64,"column":3}},"22":{"start":{"line":61,"column":4},"end":{"line":61,"column":29}},"23":{"start":{"line":63,"column":4},"end":{"line":63,"column":24}},"24":{"start":{"line":67,"column":2},"end":{"line":89,"column":3}},"25":{"start":{"line":69,"column":4},"end":{"line":69,"column":35}},"26":{"start":{"line":71,"column":4},"end":{"line":71,"column":33}},"27":{"start":{"line":73,"column":4},"end":{"line":73,"column":27}},"28":{"start":{"line":75,"column":4},"end":{"line":75,"column":29}},"29":{"start":{"line":76,"column":4},"end":{"line":76,"column":72}},"30":{"start":{"line":80,"column":7},"end":{"line":89,"column":3}},"31":{"start":{"line":83,"column":4},"end":{"line":83,"column":79}},"32":{"start":{"line":84,"column":4},"end":{"line":84,"column":55}},"33":{"start":{"line":85,"column":4},"end":{"line":85,"column":62}},"34":{"start":{"line":86,"column":4},"end":{"line":86,"column":72}},"35":{"start":{"line":87,"column":9},"end":{"line":89,"column":3}},"36":{"start":{"line":88,"column":4},"end":{"line":88,"column":38}},"37":{"start":{"line":94,"column":2},"end":{"line":94,"column":39}},"38":{"start":{"line":95,"column":2},"end":{"line":100,"column":3}},"39":{"start":{"line":96,"column":4},"end":{"line":99,"column":5}},"40":{"start":{"line":98,"column":6},"end":{"line":98,"column":45}},"41":{"start":{"line":105,"column":2},"end":{"line":105,"column":35}},"42":{"start":{"line":106,"column":2},"end":{"line":110,"column":3}},"43":{"start":{"line":107,"column":4},"end":{"line":109,"column":5}},"44":{"start":{"line":108,"column":6},"end":{"line":108,"column":43}},"45":{"start":{"line":112,"column":2},"end":{"line":112,"column":35}},"46":{"start":{"line":113,"column":2},"end":{"line":113,"column":33}},"47":{"start":{"line":114,"column":2},"end":{"line":114,"column":37}},"48":{"start":{"line":115,"column":2},"end":{"line":115,"column":41}},"49":{"start":{"line":116,"column":2},"end":{"line":116,"column":49}},"50":{"start":{"line":117,"column":2},"end":{"line":117,"column":39}},"51":{"start":{"line":118,"column":2},"end":{"line":118,"column":37}},"52":{"start":{"line":119,"column":2},"end":{"line":119,"column":41}},"53":{"start":{"line":126,"column":0},"end":{"line":128,"column":2}},"54":{"start":{"line":127,"column":2},"end":{"line":127,"column":25}},"55":{"start":{"line":134,"column":0},"end":{"line":288,"column":2}},"56":{"start":{"line":136,"column":2},"end":{"line":142,"column":8}},"57":{"start":{"line":144,"column":2},"end":{"line":285,"column":3}},"58":{"start":{"line":145,"column":4},"end":{"line":145,"column":18}},"59":{"start":{"line":147,"column":4},"end":{"line":283,"column":5}},"60":{"start":{"line":148,"column":6},"end":{"line":148,"column":24}},"61":{"start":{"line":150,"column":6},"end":{"line":153,"column":7}},"62":{"start":{"line":152,"column":8},"end":{"line":152,"column":28}},"63":{"start":{"line":154,"column":6},"end":{"line":166,"column":9}},"64":{"start":{"line":155,"column":8},"end":{"line":159,"column":9}},"65":{"start":{"line":158,"column":10},"end":{"line":158,"column":31}},"66":{"start":{"line":160,"column":8},"end":{"line":160,"column":106}},"67":{"start":{"line":161,"column":8},"end":{"line":161,"column":116}},"68":{"start":{"line":162,"column":8},"end":{"line":162,"column":96}},"69":{"start":{"line":163,"column":8},"end":{"line":163,"column":94}},"70":{"start":{"line":165,"column":8},"end":{"line":165,"column":138}},"71":{"start":{"line":168,"column":6},"end":{"line":168,"column":49}},"72":{"start":{"line":170,"column":11},"end":{"line":283,"column":5}},"73":{"start":{"line":171,"column":6},"end":{"line":171,"column":24}},"74":{"start":{"line":173,"column":6},"end":{"line":176,"column":7}},"75":{"start":{"line":175,"column":8},"end":{"line":175,"column":28}},"76":{"start":{"line":177,"column":6},"end":{"line":221,"column":9}},"77":{"start":{"line":178,"column":8},"end":{"line":181,"column":9}},"78":{"start":{"line":180,"column":10},"end":{"line":180,"column":45}},"79":{"start":{"line":182,"column":8},"end":{"line":185,"column":89}},"80":{"start":{"line":186,"column":8},"end":{"line":187,"column":89}},"81":{"start":{"line":187,"column":10},"end":{"line":187,"column":89}},"82":{"start":{"line":188,"column":8},"end":{"line":189,"column":86}},"83":{"start":{"line":189,"column":10},"end":{"line":189,"column":86}},"84":{"start":{"line":190,"column":8},"end":{"line":191,"column":80}},"85":{"start":{"line":191,"column":10},"end":{"line":191,"column":80}},"86":{"start":{"line":192,"column":8},"end":{"line":193,"column":101}},"87":{"start":{"line":193,"column":10},"end":{"line":193,"column":101}},"88":{"start":{"line":194,"column":8},"end":{"line":195,"column":74}},"89":{"start":{"line":195,"column":10},"end":{"line":195,"column":74}},"90":{"start":{"line":196,"column":8},"end":{"line":197,"column":86}},"91":{"start":{"line":197,"column":10},"end":{"line":197,"column":86}},"92":{"start":{"line":198,"column":8},"end":{"line":199,"column":104}},"93":{"start":{"line":199,"column":10},"end":{"line":199,"column":104}},"94":{"start":{"line":200,"column":8},"end":{"line":201,"column":101}},"95":{"start":{"line":201,"column":10},"end":{"line":201,"column":101}},"96":{"start":{"line":202,"column":8},"end":{"line":203,"column":65}},"97":{"start":{"line":203,"column":10},"end":{"line":203,"column":65}},"98":{"start":{"line":204,"column":8},"end":{"line":205,"column":80}},"99":{"start":{"line":205,"column":10},"end":{"line":205,"column":80}},"100":{"start":{"line":206,"column":8},"end":{"line":207,"column":89}},"101":{"start":{"line":207,"column":10},"end":{"line":207,"column":89}},"102":{"start":{"line":208,"column":8},"end":{"line":209,"column":89}},"103":{"start":{"line":209,"column":10},"end":{"line":209,"column":89}},"104":{"start":{"line":210,"column":8},"end":{"line":211,"column":71}},"105":{"start":{"line":211,"column":10},"end":{"line":211,"column":71}},"106":{"start":{"line":212,"column":8},"end":{"line":213,"column":119}},"107":{"start":{"line":213,"column":10},"end":{"line":213,"column":119}},"108":{"start":{"line":214,"column":8},"end":{"line":215,"column":80}},"109":{"start":{"line":215,"column":10},"end":{"line":215,"column":80}},"110":{"start":{"line":216,"column":8},"end":{"line":217,"column":80}},"111":{"start":{"line":217,"column":10},"end":{"line":217,"column":80}},"112":{"start":{"line":218,"column":8},"end":{"line":219,"column":68}},"113":{"start":{"line":219,"column":10},"end":{"line":219,"column":68}},"114":{"start":{"line":220,"column":8},"end":{"line":220,"column":36}},"115":{"start":{"line":223,"column":6},"end":{"line":223,"column":49}},"116":{"start":{"line":225,"column":11},"end":{"line":283,"column":5}},"117":{"start":{"line":226,"column":6},"end":{"line":229,"column":22}},"118":{"start":{"line":228,"column":10},"end":{"line":228,"column":108}},"119":{"start":{"line":230,"column":11},"end":{"line":283,"column":5}},"120":{"start":{"line":231,"column":6},"end":{"line":231,"column":105}},"121":{"start":{"line":232,"column":11},"end":{"line":283,"column":5}},"122":{"start":{"line":233,"column":6},"end":{"line":233,"column":96}},"123":{"start":{"line":234,"column":11},"end":{"line":283,"column":5}},"124":{"start":{"line":235,"column":6},"end":{"line":235,"column":59}},"125":{"start":{"line":236,"column":11},"end":{"line":283,"column":5}},"126":{"start":{"line":237,"column":6},"end":{"line":238,"column":73}},"127":{"start":{"line":239,"column":11},"end":{"line":283,"column":5}},"128":{"start":{"line":240,"column":6},"end":{"line":241,"column":63}},"129":{"start":{"line":242,"column":11},"end":{"line":283,"column":5}},"130":{"start":{"line":243,"column":6},"end":{"line":243,"column":35}},"131":{"start":{"line":245,"column":6},"end":{"line":254,"column":7}},"132":{"start":{"line":246,"column":8},"end":{"line":246,"column":41}},"133":{"start":{"line":247,"column":8},"end":{"line":249,"column":9}},"134":{"start":{"line":248,"column":10},"end":{"line":248,"column":80}},"135":{"start":{"line":250,"column":8},"end":{"line":252,"column":9}},"136":{"start":{"line":251,"column":10},"end":{"line":251,"column":92}},"137":{"start":{"line":253,"column":8},"end":{"line":253,"column":42}},"138":{"start":{"line":256,"column":6},"end":{"line":258,"column":7}},"139":{"start":{"line":257,"column":8},"end":{"line":257,"column":72}},"140":{"start":{"line":259,"column":6},"end":{"line":261,"column":7}},"141":{"start":{"line":260,"column":8},"end":{"line":260,"column":72}},"142":{"start":{"line":262,"column":6},"end":{"line":264,"column":7}},"143":{"start":{"line":263,"column":8},"end":{"line":263,"column":102}},"144":{"start":{"line":265,"column":6},"end":{"line":267,"column":7}},"145":{"start":{"line":266,"column":8},"end":{"line":266,"column":69}},"146":{"start":{"line":268,"column":6},"end":{"line":270,"column":7}},"147":{"start":{"line":269,"column":8},"end":{"line":269,"column":78}},"148":{"start":{"line":271,"column":6},"end":{"line":273,"column":7}},"149":{"start":{"line":272,"column":8},"end":{"line":272,"column":93}},"150":{"start":{"line":275,"column":6},"end":{"line":275,"column":33}},"151":{"start":{"line":277,"column":6},"end":{"line":277,"column":49}},"152":{"start":{"line":278,"column":11},"end":{"line":283,"column":5}},"153":{"start":{"line":279,"column":6},"end":{"line":280,"column":50}},"154":{"start":{"line":282,"column":6},"end":{"line":282,"column":43}},"155":{"start":{"line":284,"column":4},"end":{"line":284,"column":33}},"156":{"start":{"line":287,"column":2},"end":{"line":287,"column":32}},"157":{"start":{"line":298,"column":0},"end":{"line":319,"column":1}},"158":{"start":{"line":302,"column":2},"end":{"line":302,"column":20}},"159":{"start":{"line":305,"column":2},"end":{"line":305,"column":27}},"160":{"start":{"line":308,"column":2},"end":{"line":308,"column":17}},"161":{"start":{"line":311,"column":2},"end":{"line":311,"column":73}},"162":{"start":{"line":311,"column":12},"end":{"line":311,"column":73}},"163":{"start":{"line":314,"column":2},"end":{"line":314,"column":41}},"164":{"start":{"line":315,"column":2},"end":{"line":315,"column":18}},"165":{"start":{"line":317,"column":2},"end":{"line":317,"column":23}},"166":{"start":{"line":318,"column":2},"end":{"line":318,"column":21}},"167":{"start":{"line":324,"column":0},"end":{"line":326,"column":2}},"168":{"start":{"line":325,"column":2},"end":{"line":325,"column":18}},"169":{"start":{"line":331,"column":0},"end":{"line":335,"column":2}},"170":{"start":{"line":332,"column":2},"end":{"line":332,"column":40}},"171":{"start":{"line":333,"column":2},"end":{"line":334,"column":70}},"172":{"start":{"line":340,"column":0},"end":{"line":344,"column":2}},"173":{"start":{"line":341,"column":2},"end":{"line":341,"column":24}},"174":{"start":{"line":342,"column":2},"end":{"line":342,"column":45}},"175":{"start":{"line":343,"column":2},"end":{"line":343,"column":20}},"176":{"start":{"line":350,"column":0},"end":{"line":352,"column":2}},"177":{"start":{"line":351,"column":2},"end":{"line":351,"column":29}},"178":{"start":{"line":358,"column":0},"end":{"line":388,"column":2}},"179":{"start":{"line":359,"column":2},"end":{"line":361,"column":16}},"180":{"start":{"line":363,"column":2},"end":{"line":367,"column":3}},"181":{"start":{"line":364,"column":4},"end":{"line":364,"column":14}},"182":{"start":{"line":366,"column":4},"end":{"line":366,"column":21}},"183":{"start":{"line":370,"column":2},"end":{"line":380,"column":5}},"184":{"start":{"line":371,"column":4},"end":{"line":379,"column":5}},"185":{"start":{"line":372,"column":6},"end":{"line":374,"column":7}},"186":{"start":{"line":373,"column":8},"end":{"line":373,"column":36}},"187":{"start":{"line":376,"column":6},"end":{"line":378,"column":7}},"188":{"start":{"line":377,"column":8},"end":{"line":377,"column":36}},"189":{"start":{"line":383,"column":2},"end":{"line":385,"column":5}},"190":{"start":{"line":384,"column":4},"end":{"line":384,"column":30}},"191":{"start":{"line":387,"column":2},"end":{"line":387,"column":32}},"192":{"start":{"line":394,"column":0},"end":{"line":406,"column":2}},"193":{"start":{"line":395,"column":2},"end":{"line":397,"column":3}},"194":{"start":{"line":396,"column":4},"end":{"line":396,"column":27}},"195":{"start":{"line":398,"column":2},"end":{"line":398,"column":18}},"196":{"start":{"line":399,"column":2},"end":{"line":405,"column":5}},"197":{"start":{"line":400,"column":4},"end":{"line":404,"column":5}},"198":{"start":{"line":401,"column":6},"end":{"line":401,"column":45}},"199":{"start":{"line":403,"column":6},"end":{"line":403,"column":27}},"200":{"start":{"line":408,"column":0},"end":{"line":408,"column":30}},"201":{"start":{"line":414,"column":0},"end":{"line":483,"column":2}},"202":{"start":{"line":415,"column":2},"end":{"line":415,"column":23}},"203":{"start":{"line":416,"column":2},"end":{"line":427,"column":3}},"204":{"start":{"line":417,"column":6},"end":{"line":424,"column":6}},"205":{"start":{"line":426,"column":4},"end":{"line":426,"column":82}},"206":{"start":{"line":429,"column":2},"end":{"line":432,"column":3}},"207":{"start":{"line":430,"column":4},"end":{"line":431,"column":71}},"208":{"start":{"line":434,"column":2},"end":{"line":436,"column":3}},"209":{"start":{"line":435,"column":4},"end":{"line":435,"column":22}},"210":{"start":{"line":440,"column":2},"end":{"line":478,"column":5}},"211":{"start":{"line":442,"column":4},"end":{"line":442,"column":19}},"212":{"start":{"line":445,"column":4},"end":{"line":447,"column":5}},"213":{"start":{"line":446,"column":6},"end":{"line":446,"column":26}},"214":{"start":{"line":449,"column":4},"end":{"line":476,"column":5}},"215":{"start":{"line":450,"column":6},"end":{"line":452,"column":7}},"216":{"start":{"line":451,"column":8},"end":{"line":451,"column":50}},"217":{"start":{"line":453,"column":6},"end":{"line":468,"column":7}},"218":{"start":{"line":454,"column":8},"end":{"line":457,"column":9}},"219":{"start":{"line":456,"column":10},"end":{"line":456,"column":37}},"220":{"start":{"line":458,"column":8},"end":{"line":461,"column":9}},"221":{"start":{"line":460,"column":10},"end":{"line":460,"column":30}},"222":{"start":{"line":463,"column":8},"end":{"line":467,"column":11}},"223":{"start":{"line":464,"column":10},"end":{"line":466,"column":11}},"224":{"start":{"line":465,"column":12},"end":{"line":465,"column":54}},"225":{"start":{"line":469,"column":6},"end":{"line":475,"column":7}},"226":{"start":{"line":470,"column":8},"end":{"line":474,"column":11}},"227":{"start":{"line":471,"column":10},"end":{"line":473,"column":11}},"228":{"start":{"line":472,"column":12},"end":{"line":472,"column":56}},"229":{"start":{"line":477,"column":4},"end":{"line":477,"column":35}},"230":{"start":{"line":480,"column":2},"end":{"line":480,"column":24}},"231":{"start":{"line":482,"column":2},"end":{"line":482,"column":39}},"232":{"start":{"line":485,"column":0},"end":{"line":493,"column":2}},"233":{"start":{"line":486,"column":2},"end":{"line":486,"column":29}},"234":{"start":{"line":488,"column":2},"end":{"line":492,"column":3}},"235":{"start":{"line":489,"column":4},"end":{"line":489,"column":41}},"236":{"start":{"line":491,"column":4},"end":{"line":491,"column":42}},"237":{"start":{"line":508,"column":0},"end":{"line":518,"column":1}},"238":{"start":{"line":509,"column":2},"end":{"line":517,"column":19}},"239":{"start":{"line":529,"column":0},"end":{"line":555,"column":1}},"240":{"start":{"line":530,"column":2},"end":{"line":530,"column":15}},"241":{"start":{"line":532,"column":2},"end":{"line":532,"column":53}},"242":{"start":{"line":533,"column":2},"end":{"line":535,"column":3}},"243":{"start":{"line":534,"column":4},"end":{"line":534,"column":78}},"244":{"start":{"line":536,"column":2},"end":{"line":543,"column":3}},"245":{"start":{"line":537,"column":4},"end":{"line":540,"column":72}},"246":{"start":{"line":542,"column":4},"end":{"line":542,"column":49}},"247":{"start":{"line":546,"column":2},"end":{"line":550,"column":5}},"248":{"start":{"line":547,"column":4},"end":{"line":547,"column":26}},"249":{"start":{"line":548,"column":4},"end":{"line":548,"column":39}},"250":{"start":{"line":549,"column":4},"end":{"line":549,"column":27}},"251":{"start":{"line":552,"column":2},"end":{"line":552,"column":30}},"252":{"start":{"line":554,"column":2},"end":{"line":554,"column":24}},"253":{"start":{"line":569,"column":0},"end":{"line":660,"column":1}},"254":{"start":{"line":571,"column":2},"end":{"line":571,"column":18}},"255":{"start":{"line":573,"column":2},"end":{"line":573,"column":26}},"256":{"start":{"line":576,"column":2},"end":{"line":576,"column":27}},"257":{"start":{"line":578,"column":2},"end":{"line":583,"column":3}},"258":{"start":{"line":579,"column":4},"end":{"line":579,"column":33}},"259":{"start":{"line":582,"column":4},"end":{"line":582,"column":35}},"260":{"start":{"line":587,"column":2},"end":{"line":587,"column":33}},"261":{"start":{"line":589,"column":2},"end":{"line":589,"column":23}},"262":{"start":{"line":591,"column":2},"end":{"line":591,"column":21}},"263":{"start":{"line":593,"column":2},"end":{"line":593,"column":21}},"264":{"start":{"line":595,"column":2},"end":{"line":595,"column":26}},"265":{"start":{"line":597,"column":2},"end":{"line":603,"column":3}},"266":{"start":{"line":598,"column":4},"end":{"line":600,"column":5}},"267":{"start":{"line":599,"column":6},"end":{"line":599,"column":44}},"268":{"start":{"line":602,"column":4},"end":{"line":602,"column":42}},"269":{"start":{"line":605,"column":2},"end":{"line":605,"column":35}},"270":{"start":{"line":608,"column":2},"end":{"line":608,"column":25}},"271":{"start":{"line":609,"column":2},"end":{"line":611,"column":3}},"272":{"start":{"line":610,"column":4},"end":{"line":610,"column":27}},"273":{"start":{"line":613,"column":2},"end":{"line":613,"column":59}},"274":{"start":{"line":615,"column":2},"end":{"line":615,"column":27}},"275":{"start":{"line":617,"column":2},"end":{"line":617,"column":46}},"276":{"start":{"line":619,"column":2},"end":{"line":642,"column":5}},"277":{"start":{"line":620,"column":4},"end":{"line":621,"column":71}},"278":{"start":{"line":623,"column":4},"end":{"line":623,"column":33}},"279":{"start":{"line":625,"column":4},"end":{"line":630,"column":7}},"280":{"start":{"line":632,"column":4},"end":{"line":632,"column":74}},"281":{"start":{"line":633,"column":4},"end":{"line":640,"column":7}},"282":{"start":{"line":634,"column":6},"end":{"line":634,"column":65}},"283":{"start":{"line":635,"column":6},"end":{"line":635,"column":19}},"284":{"start":{"line":636,"column":6},"end":{"line":636,"column":23}},"285":{"start":{"line":637,"column":6},"end":{"line":639,"column":7}},"286":{"start":{"line":638,"column":8},"end":{"line":638,"column":34}},"287":{"start":{"line":644,"column":2},"end":{"line":646,"column":5}},"288":{"start":{"line":645,"column":4},"end":{"line":645,"column":36}},"289":{"start":{"line":647,"column":2},"end":{"line":647,"column":75}},"290":{"start":{"line":648,"column":2},"end":{"line":648,"column":44}},"291":{"start":{"line":650,"column":2},"end":{"line":651,"column":37}},"292":{"start":{"line":652,"column":2},"end":{"line":659,"column":5}},"293":{"start":{"line":653,"column":4},"end":{"line":653,"column":28}},"294":{"start":{"line":654,"column":4},"end":{"line":654,"column":17}},"295":{"start":{"line":655,"column":4},"end":{"line":655,"column":21}},"296":{"start":{"line":656,"column":4},"end":{"line":658,"column":5}},"297":{"start":{"line":657,"column":6},"end":{"line":657,"column":32}}},"branchMap":{"1":{"line":37,"type":"if","locations":[{"start":{"line":37,"column":2},"end":{"line":37,"column":2}},{"start":{"line":37,"column":2},"end":{"line":37,"column":2}}]},"2":{"line":39,"type":"if","locations":[{"start":{"line":39,"column":4},"end":{"line":39,"column":4}},{"start"
[...]
/0.9\" ' +","      'xmlns:mobile=\"http://www.google.com/schemas/sitemap-mobile/1.0\" ' +","      'xmlns:image=\"http://www.google.com/schemas/sitemap-image/1.1\" ' +","      'xmlns:video=\"http://www.google.com/schemas/sitemap-video/1.1\">');","  } else {","    xml.push('<sitemapindex ' + conf.xmlNs + '>')","  }","","","  conf.urls.forEach(function (url) {","    xml.push('<sitemap>');","    xml.push('<loc>' + url + '</loc>');","    xml.push('</sitemap>');","  });","","  xml.push('</sitemapindex>');","","  return xml.join('\\n');","}","","/**"," * Sitemap index (for several sitemaps)"," * @param {String|Array}  urls"," * @param {String}        targetFolder"," * @param {String}        hostname      optional"," * @param {Number}        cacheTime     optional in milliseconds"," * @param {String}        sitemapName   optional"," * @param {Number}        sitemapSize   optional"," * @param {Number}        xslUrl                optional"," * @param {Boolean}       gzip          optional"," * @param {Function}      callback      optional"," */","function SitemapIndex(urls, targetFolder, hostname, cacheTime, sitemapName, sitemapSize, xslUrl, gzip, callback) {","","  var self = this;","","  self.fs = require('fs');","","  // Base domain","  self.hostname = hostname;","","  if (sitemapName === undefined) {","    self.sitemapName = 'sitemap';","  }","  else {","    self.sitemapName = sitemapName;","  }","","  // This limit is defined by Google. See:","  // http://sitemaps.org/protocol.php#index","  self.sitemapSize = sitemapSize;","","  self.xslUrl = xslUrl;","","  self.sitemapId = 0;","","  self.sitemaps = [];","","  self.targetFolder = '.';","","  try {","    if (!self.fs.statSync(targetFolder).isDirectory()) {","      throw new err.UndefinedTargetFolder();","    }","  } catch (err) {","    throw new err.UndefinedTargetFolder();","  }","","  self.targetFolder = targetFolder;","","  // URL list for sitemap","  self.urls = urls || [];","  if (!(self.urls instanceof Array)) {","    self.urls = [self.urls]","  }","","  self.chunks = ut.chunkArray(self.urls, self.sitemapSize);","","  self.callback = callback;","","  var processesCount = self.chunks.length + 1;","","  self.chunks.forEach(function (chunk, index) {","    var extension = '.xml' + (gzip ? '.gz' : ''),","      filename = self.sitemapName + '-' + self.sitemapId++ + extension;","","    self.sitemaps.push(filename);","","    var sitemap = createSitemap({","      hostname: self.hostname,","      cacheTime: self.cacheTime, // 600 sec - cache purge period","      urls: chunk,","      xslUrl: self.xslUrl","    });","","    var stream = self.fs.createWriteStream(targetFolder + '/' + filename);","    stream.once('open', function (fd) {","      stream.write(gzip ? sitemap.toGzip() : sitemap.toString());","      stream.end();","      processesCount--;","      if (processesCount === 0 && typeof self.callback === 'function') {","        self.callback(null, true);","      }","    });","","  });","","  var sitemapUrls = self.sitemaps.map(function(sitemap, index){","    return hostname + '/' + sitemap;","  });","  var smConf = {urls: sitemapUrls, xslUrl: self.xslUrl, xmlNs: self.xmlNs};","  var xmlString = buildSitemapIndex(smConf);","","  var stream = self.fs.createWriteStream(targetFolder + '/' +","    self.sitemapName + '-index.xml');","  stream.once('open', function (fd) {","    stream.write(xmlString);","    stream.end();","    processesCount--;","    if (processesCount === 0 && typeof self.callback === 'function') {","      self.callback(null, true);","    }","  });","}",""],"l":{"7":1,"14":1,"15":1,"16":1,"17":1,"18":1,"31":1,"32":1,"35":1,"36":3,"37":3,"38":3,"39":3,"40":0,"43":3,"45":3,"51":1,"52":1,"55":1,"56":0,"60":1,"61":1,"63":0,"67":1,"69":0,"71":0,"73":0,"75":0,"76":0,"80":1,"83":0,"84":0,"85":0,"86":0,"87":1,"88":0,"94":1,"95":1,"96":1,"98":0,"105":1,"106":1,"107":1,"108":0,"112":1,"113":1,"114":1,"115":1,"116":1,"117":1,"118":1,"119":1,"126":1,"127":0,"134":1,"136":1,"144":1,"145":12,"147":12,"148":0,"150":0,"152":0,"154":0,"155":0,"158":0,"160":0,"161":0,"162":0,"163":0,"165":0,"168":0,"170":12,"171":0,"173":0,"175":0,"177":0,"178":0,"180":0,"182":0,"186":0,"187":0,"188":0,"189":0,"190":0,"191":0,"192":0,"193":0,"194":0,"195":0,"196":0,"197":0,"198":0,"199":0,"200":0,"201":0,"202":0,"203":0,"204":0,"205":0,"206":0,"207":0,"208":0,"209":0,"210":0,"211":0,"212":0,"213":0,"214":0,"215":0,"216":0,"217":0,"218":0,"219":0,"220":0,"223":0,"225":12,"226":1,"228":2,"230":11,"231":0,"232":11,"233":0,"234":11,"235":0,"236":11,"237":1,"239":10,"240":0,"242":10,"243":0,"245":0,"246":0,"247":0,"248":0,"250":0,"251":0,"253":0,"256":0,"257":0,"259":0,"260":0,"262":0,"263":0,"265":0,"266":0,"268":0,"269":0,"271":0,"272":0,"275":0,"277":0,"278":10,"279":2,"282":8,"284":12,"287":1,"298":1,"302":1,"305":1,"308":1,"311":1,"314":1,"315":1,"317":1,"318":1,"324":1,"325":0,"331":1,"332":1,"333":1,"340":1,"341":1,"342":1,"343":1,"350":1,"351":0,"358":1,"359":0,"363":0,"364":0,"366":0,"370":0,"371":0,"372":0,"373":0,"376":0,"377":0,"383":0,"384":0,"387":0,"394":1,"395":0,"396":0,"398":0,"399":0,"400":0,"401":0,"403":0,"408":1,"414":1,"415":1,"416":1,"417":1,"426":0,"429":1,"430":0,"434":1,"435":0,"440":1,"442":1,"445":1,"446":0,"449":1,"450":1,"451":0,"453":1,"454":0,"456":0,"458":0,"460":0,"463":0,"464":0,"465":0,"469":1,"470":1,"471":2,"472":0,"477":1,"480":1,"482":1,"485":1,"486":0,"488":0,"489":0,"491":0,"508":1,"509":0,"529":1,"530":0,"532":0,"533":0,"534":0,"536":0,"537":0,"542":0,"546":0,"547":0,"548":0,"549":0,"552":0,"554":0,"569":1,"571":0,"573":0,"576":0,"578":0,"579":0,"582":0,"587":0,"589":0,"591":0,"593":0,"595":0,"597":0,"598":0,"599":0,"602":0,"605":0,"608":0,"609":0,"610":0,"613":0,"615":0,"617":0,"619":0,"620":0,"623":0,"625":0,"632":0,"633":0,"634":0,"635":0,"636":0,"637":0,"638":0,"644":0,"645":0,"647":0,"648":0,"650":0,"652":0,"653":0,"654":0,"655":0,"656":0,"657":0}},"/home/travis/build/npmtest/node-npmtest-sitemap/node_modules/sitemap/lib/utils.js":{"path":"/home/travis/build/npmtest/node-npmtest-sitemap/node_modules/sitemap/lib/utils.js","s":{"1":1,"2":1,"3":0,"4":0,"5":1,"6":3,"7":1,"8":0,"9":0,"10":0,"11":0,"12":0,"13":0,"14":0,"15":0,"16":1,"17":0,"18":0,"19":0,"20":0,"21":0,"22":0,"23":1,"24":0,"25":0,"26":0,"27":0,"28":1,"29":2,"30":1,"31":0,"32":0,"33":0,"34":0,"35":0,"36":0},"b":{"1":[0,0],"2":[0,0],"3":[0,0],"4":[0,0],"5":[0,0]},"f":{"1":0,"2":3,"3":0,"4":0,"5":0,"6":0,"7":2,"8":0},"fnMap":{"1":{"name":"(anonymous_1)","line":14,"loc":{"start":{"line":14,"column":16},"end":{"line":14,"column":31}}},"2":{"name":"(anonymous_2)","line":24,"loc":{"start":{"line":24,"column":21},"end":{"line":24,"column":37}}},"3":{"name":"(anonymous_3)","line":36,"loc":{"start":{"line":36,"column":15},"end":{"line":36,"column":38}}},"4":{"name":"(anonymous_4)","line":61,"loc":{"start":{"line":61,"column":24},"end":{"line":61,"column":39}}},"5":{"name":"(anonymous_5)","line":74,"loc":{"start":{"line":74,"column":21},"end":{"line":74,"column":47}}},"6":{"name":"(anonymous_6)","line":75,"loc":{"start":{"line":75,"column":29},"end":{"line":75,"column":55}}},"7":{"name":"(anonymous_7)","line":82,"loc":{"start":{"line":82,"column":23},"end":{"line":82,"column":35}}},"8":{"name":"(anonymous_8)","line":86,"loc":{"start":{"line":86,"column":31},"end":{"line":86,"column":56}}}},"statementMap":{"1":{"start":{"line":7,"column":0},"end":{"line":7,"column":30}},"2":{"start":{"line":14,"column":0},"end":{"line":17,"column":2}},"3":{"start":{"line":15,"column":2},"end":{"line":15,"column":21}},"4":{"start":{"line":16,"column":2},"end":{"line":16,"column":18}},"5":{"start":{"line":24,"column":0},"end":{"line":26,"column":2}},"6":{"start":{"line":25,"column":2},"end":{"line":25,"column":129}},"7":{"start":{"line":36,"column":0},"end":{"line":55,"column":2}},"8":{"start":{"line":37,"column":2},"end":{"line":39,"column":43}},"9":{"start":{"line":42,"column":2},"end":{"line":44,"column":3}},"10":{"start":{"line":43,"column":4},"end":{"line":43,"column":24}},"11":{"start":{"line":46,"column":2},"end":{"line":48,"column":3}},"12":{"start":{"line":47,"column":4},"end":{"line":47,"column":20}},"13":{"start":{"line":50,"column":2},"end":{"line":52,"column":3}},"14":{"start":{"line":51,"column":4},"end":{"line":51,"column":20}},"15":{"start":{"line":54,"column":2},"end":{"line":54,"column":13}},"16":{"start":{"line":61,"column":0},"end":{"line":72,"column":2}},"17":{"start":{"line":62,"column":2},"end":{"line":64,"column":30}},"18":{"start":{"line":65,"column":2},"end":{"line":67,"column":3}},"19":{"start":{"line":66,"column":4},"end":{"line":66,"column":33}},"20":{"start":{"line":68,"column":2},"end":{"line":70,"column":3}},"21":{"start":{"line":69,"column":4},"end":{"line":69,"column":18}},"22":{"start":{"line":71,"column":2},"end":{"line":71,"column":13}},"23":{"start":{"line":74,"column":0},"end":{"line":80,"column":2}},"24":{"start":{"line":75,"column":2},"end":{"line":77,"column":5}},"25":{"start":{"line":76,"column":4},"end":{"line":76,"column":41}},"26":{"start":{"line":78,"column":2},"end":{"line":78,"column":27}},"27":{"start":{"line":79,"column":2},"end":{"line":79,"column":15}},"28":{"start":{"line":82,"column":0},"end":{"line":84,"column":2}},"29":{"start":{"line":83,"column":2},"end":{"line":83,"column":32}},"30":{"start":{"line":86,"column":0},"end":{"line":101,"column":2}},"31":{"start":{"line":87,"column":2},"end":{"line":88,"column":48}},"32":{"start":{"line":91,"column":2},"end":{"line":98,"column":3}},"33":{"start":{"line":92,"column":4},"end":{"line":92,"column":21}},"34":{"start":{"line":93,"column":4},"end":{"line":96,"column":16}},"35":{"start":{"line":97,"column":4},"end":{"line":97,"column":21}},"36":{"start":{"line":100,"column":2},"end":{"line":100,"column":19}}},"branchMap":{"1":{"line":38,"type":"binary-expr","locations":[{"start":{"line":38,"column":12},"end":{"line":38,"column":15}},{"start":{"line":38,"column":19},"end":{"line":38,"column":22}}]},"2":{"line":42,"type":"if","locations":[{"start":{"line":42,"column":2},"end":{"line":42,"column":2}},{"start":{"line":42,"column":2},"end":{"line":42,"column":2}}]},"3":{"line":50,"type":"if","locations":[{"start":{"line":50,"column":2},"end":{"line":50,"column":2}},{"start":{"line":50,"column":2},"end":{"line":50,"column":2}}]},"4":{"line":91,"type":"if","locations":[{"start":{"line":91,"column":2},"end":{"line":91,"column":2}},{"start":{"line":91,"column":2},"end":{"line":91,"column":2}}]},"5":{"line":91,"type":"binary-expr","locations":[{"start":{"line":91,"column":6},"end":{"line":91,"column":15}},{"start":{"line":91,"column":19},"end":{"line":91,"column":37}}]}},"code":["/*!"," * Sitemap"," * Copyright(c) 2011 Eugene Kalinin"," * MIT Licensed"," */","","var _ = require('underscore');","","/**"," * Exit with the given `str`."," *"," * @param {String} str"," */","exports.abort = function (str) {","  console.error(str);","  process.exit(1);","};","","/**"," * Escapes special characters in text."," *"," * @param {String} text"," */","exports.htmlEscape = function (text) {","  return text.replace(/&/g, '&amp;').replace(/</g, '&lt;').replace(/>/g, '&gt;').replace(/\"/g, '&quot;').replace(/'/g, '&#039;');","};","","/**"," *  Pads the left-side of a string with a specific"," *  set of characters."," *"," *  @param {Object} n"," *  @param {Number} len"," *  @param {String} chr"," */","exports.lpad = function (n, len, chr) {","  var res = n.toString()","    , chr = chr || '0'","    , leading = (res.substr(0, 1) === '-');","","  //If left side of string is a minus sign (negative number), we want to ignore that in the padding process","  if (leading) {","    res = res.substr(1); //cut-off the leading '-'","  }","","  while (res.length < len) {","    res = chr + res;","  }","","  if (leading) { //If we initially cutoff the leading '-', we add it again here","    res = '-' + res;","  }","","  return res;","};","","/**"," *"," * @param {Array} arr"," */","exports.distinctArray = function (arr) {","  var hash = {}","    , res = []","    , arr_length = arr.length;","  while (arr_length--) {","    hash[arr[arr_length]] = true;","  }","  for (key in hash) {","    res.push(key);","  }","  return res;","};","","exports.chunkArray = function (arr, chunkSize) {","  var lists = _.groupBy(arr, function (element, index) {","    return Math.floor(index / chunkSize);","  });","  lists = _.toArray(lists);","  return lists;","};","","exports.getTimestamp = function () {","  return (new Date()).getTime();","};","","exports.getTimestampFromDate = function (dt, bRealtime) {","  var timestamp = [dt.getUTCFullYear(), exports.lpad(dt.getUTCMonth() + 1, 2),","    exports.lpad(dt.getUTCDate(), 2)].join('-');","","  // Indicate that lastmod should include minutes and seconds (and timezone)","  if (bRealtime && bRealtime === true) {","    timestamp += 'T';","    timestamp += [exports.lpad(dt.getUTCHours(), 2),","      exports.lpad(dt.getUTCMinutes(), 2),","      exports.lpad(dt.getUTCSeconds(), 2)","    ].join(':');","    timestamp += 'Z';","  }","","  return timestamp;","};",""],"l":{"7":1,"14":1,"15":0,"16":0,"24":1,"25":3,"36":1,"37":0,"42":0,"43":0,"46":0,"47":0,"50":0,"51":0,"54":0,"61":1,"62":0,"65":0,"66":0,"68":0,"69":0,"71":0,"74":1,"75":0,"76":0,"78":0,"79":0,"82":1,"83":2,"86":1,"87":0,"91":0,"92":0,"93":0,"97":0,"100":0}},"/home/travis/build/npmtest/node-npmtest-sitemap/node_modules/sitemap/lib/errors.js":{"path":"/home/travis/build/npmtest/node-npmtest-sitemap/node_modules/sitemap/lib/errors.js","s":{"1":1,"2":0,"3":0,"4":1,"5":1,"6":0,"7":0,"8":1,"9":1,"10":0,"11":0,"12":1,"13":1,"14":0,"15":0,"16":1,"17":1,"18":0,"19":0,"20":1,"21":0,"22":0,"23":1},"b":{"1":[0,0],"2":[0,0],"3":[0,0],"4":[0,0],"5":[0,0],"6":[0,0]},"f":{"1":0,"2":0,"3":0,"4":0,"5":0,"6":0},"fnMap":{"1":{"name":"(anonymous_1)","line":10,"loc":{"start":{"line":10,"column":21},"end":{"line":10,"column":40}}},"2":{"name":"(anonymous_2)","line":19,"loc":{"start":{"line":19,"column":29},"end":{"line":19,"column":48}}},"3":{"name":"(anonymous_3)","line":28,"loc":{"start":{"line":28,"column":33},"end":{"line":28,"column":52}}},"4":{"name":"(anonymous_4)","line":37,"loc":{"start":{"line":37,"column":31},"end":{"line":37,"column":50}}},"5":{"name":"(anonymous_5)","line":46,"loc":{"start":{"line":46,"column":32},"end":{"line":46,"column":51}}},"6":{"name":"(anonymous_6)","line":51,"loc":{"start":{"line":51,"column":29},"end":{"line":51,"column":48}}}},"statementMap":{"1":{"start":{"line":10,"column":0},"end":{"line":13,"column":2}},"2":{"start":{"line":11,"column":2},"end":{"line":11,"column":27}},"3":{"start":{"line":12,"column":2},"end":{"line":12,"column":46}},"4":{"start":{"line":14,"column":0},"end":{"line":14,"column":47}},"5":{"start":{"line":19,"column":0},"end":{"line":22,"column":2}},"6":{"start":{"line":20,"column":2},"end":{"line":20,"column":35}},"7":{"start":{"line":21,"column":2},"end":{"line":21,"column":51}},"8":{"start":{"line":23,"column":0},"end":{"line":23,"column":55}},"9":{"start":{"line":28,"column":0},"end":{"line":31,"column":2}},"10":{"start":{"line":29,"column":2},"end":{"line":29,"column":39}},"11":{"start":{"line":30,"column":2},"end":{"line":30,"column":52}},"12":{"start":{"line":32,"column":0},"end":{"line":32,"column":59}},"13":{"start":{"line":37,"column":0},"end":{"line":40,"column":2}},"14":{"start":{"line":38,"column":2},"end":{"line":38,"column":37}},"15":{"start":{"line":39,"column":2},"end":{"line":39,"column":50}},"16":{"start":{"line":41,"column":0},"end":{"line":41,"column":57}},"17":{"start":{"line":46,"column":0},"end":{"line":49,"column":2}},"18":{"start":{"line":47,"column":2},"end":{"line":47,"column":38}},"19":{"start":{"line":48,"column":2},"end":{"line":48,"column":55}},"20":{"start":{"line":51,"column":0},"end":{"line":54,"column":2}},"21":{"start":{"line":52,"column":2},"end":{"line":52,"column":35}},"22":{"start":{"line":53,"column":2},"end":{"line":53,"column":99}},"23":{"start":{"line":56,"column":0},"end":{"line":56,"column":58}}},"branchMap":{"1":{"line":12,"type":"binary-expr","locations":[{"start":{"line":12,"column":17},"end":{"line":12,"column":24}},{"start":{"line":12,"column":28},"end":{"line":12,"column":45}}]},"2":{"line":21,"type":"binary-expr","locations":[{"start":{"line":21,"column":17},"end":{"line":21,"column":24}},{"start":{"line":21,"column":28},"end":{"line":21,"column":50}}]},"3":{"line":30,"type":"binary-expr","locations":[{"start":{"line":30,"column":17},"end":{"line":30,"column":24}},{"start":{"line":30,"column":28},"end":{"line":30,"column":51}}]},"4":{"line":39,"type":"binary-expr","locations":[{"start":{"line":39,"column":17},"end":{"line":39,"column":24}},{"start":{"line":39,"column":28},"end":{"line":39,"column":49}}]},"5":{"line":48,"type":"binary-expr","locations":[{"start":{"line":48,"column":17},"end":{"line":48,"column":24}},{"start":{"line":48,"column":28},"end":{"line":48,"column":54}}]},"6":{"line":53,"type":"binary-expr","locations":[{"start":{"line":53,"column":17},"end":{"line":53,"column":24}},{"start":{"line":53,"column":28},"end":{"line":53,"column":98}}]}},"code":["/*!"," * Sitemap"," * Copyright(c) 2011 Eugene Kalinin"," * MIT Licensed"," */","","/**"," * URL in SitemapItem does not exists"," */","exports.NoURLError = function (message) {","  this.name = 'NoURLError';","  this.message = message || 'URL is required';","};","exports.NoURLError.prototype = Error.prototype;","","/**"," * Protocol in URL does not exists"," */","exports.NoURLProtocolError = function (message) {","  this.name = 'NoURLProtocolError';","  this.message = message || 'Protocol is required';","};","exports.NoURLProtocolError.prototype = Error.prototype;","","/**"," * changefreq property in sitemap is invalid"," */","exports.ChangeFreqInvalidError = function (message) {","  this.name = 'ChangeFreqInvalidError';","  this.message = message || 'changefreq is invalid';","};","exports.ChangeFreqInvalidError.prototype = Error.prototype;","","/**"," * priority property in sitemap is invalid"," */","exports.PriorityInvalidError = function (message) {","  this.name = 'PriorityInvalidError';","  this.message = message || 'priority is invalid';","};","exports.PriorityInvalidError.prototype = Error.prototype;","","/**"," * SitemapIndex target Folder does not exists"," */","exports.UndefinedTargetFolder = function (message) {","  this.name = 'UndefinedTargetFolder';","  this.message = message || 'Target folder must exist';","};","","exports.InvalidVideoFormat = function (message) {","  this.name = 'InvalidVideoFormat';","  this.message = message || 'must include thumbnail_loc, title and description fields for videos ';","};","","exports.UndefinedTargetFolder.prototype = Error.prototype;",""],"l":{"10":1,"11":0,"12":0,"14":1,"19":1,"20":0,"21":0,"23":1,"28":1,"29":0,"30":0,"32":1,"37":1,"38":0,"39":0,"41":1,"46":1,"47":0,"48":0,"51":1,"52":0,"53":0,"56":1}},"/home/travis/build/npmtest/node-npmtest-sitemap/node_modules/sitemap/testing.js":{"path":"/home/travis/build/npmtest/node-npmtest-sitemap/node_modules/sitemap/testing.js","s":{"1":1,"2":1,"3":1,"4":1},"b":{},"f":{},"fnMap":{},"statementMap":{"1":{"start":{"line":1,"column":0},"end":{"line":13,"column":2}},"2":{"start":{"line":14,"column":0},"end":{"line":14,"column":28}},"3":{"start":{"line":15,"column":0},"end":{"line":15,"column":40}},"4":{"start":{"line":16,"column":0},"end":{"line":16,"column":32}}},"branchMap":{},"code":["var options = {","    hostname: 'http://test.com',","    cacheTime: 600000, // 600 sec - cache purge period","    urls: [{","            url: 'http://test.com/page-1/',","            changefreq: 'weekly',","            priority: 0.3,","            links: [","                { lang: 'en', url: 'http://test.com/page-1/', },","                { lang: 'ja', url: 'http://test.com/page-1/ja/', },","            ]","    },]","};","var sm = require('sitemap');","var sitemap = sm.createSitemap(options);","console.log(sitemap.toString());",""],"l":{"1":1,"14":1,"15":1,"16":1}}}